canu/1.8 has the useGrid option default set to useGrid=false. This can be overriden by another configuration file or a command-line option.
-- Canu 1.8
--
-- CITATIONS
--
-- Koren S, Walenz BP, Berlin K, Miller JR, Phillippy AM.
-- Canu: scalable and accurate long-read assembly via adaptive k-mer weighting and repeat separation.
-- Genome Res. 2017 May;27(5):722-736.
-- http://doi.org/10.1101/gr.215087.116
-- 
-- Koren S, Rhie A, Walenz BP, Dilthey AT, Bickhart DM, Kingan SB, Hiendleder S, Williams JL, Smith TPL, Phillippy AM.
-- De novo assembly of haplotype-resolved genomes with trio binning.
-- Nat Biotechnol. 2018
-- https//doi.org/10.1038/nbt.4277
-- 
-- Read and contig alignments during correction, consensus and GFA building use:
--   Šošic M, Šikic M.
--   Edlib: a C/C ++ library for fast, exact sequence alignment using edit distance.
--   Bioinformatics. 2017 May 1;33(9):1394-1395.
--   http://doi.org/10.1093/bioinformatics/btw753
-- 
-- Overlaps are generated using:
--   Berlin K, et al.
--   Assembling large genomes with single-molecule sequencing and locality-sensitive hashing.
--   Nat Biotechnol. 2015 Jun;33(6):623-30.
--   http://doi.org/10.1038/nbt.3238
-- 
--   Myers EW, et al.
--   A Whole-Genome Assembly of Drosophila.
--   Science. 2000 Mar 24;287(5461):2196-204.
--   http://doi.org/10.1126/science.287.5461.2196
-- 
-- Corrected read consensus sequences are generated using an algorithm derived from FALCON-sense:
--   Chin CS, et al.
--   Phased diploid genome assembly with single-molecule real-time sequencing.
--   Nat Methods. 2016 Dec;13(12):1050-1054.
--   http://doi.org/10.1038/nmeth.4035
-- 
-- Contig consensus sequences are generated using an algorithm derived from pbdagcon:
--   Chin CS, et al.
--   Nonhybrid, finished microbial genome assemblies from long-read SMRT sequencing data.
--   Nat Methods. 2013 Jun;10(6):563-9
--   http://doi.org/10.1038/nmeth.2474
-- 
-- CONFIGURE CANU
--
-- Detected Java(TM) Runtime Environment '1.8.0_151' (from '/sw/comp/java/x86_64/sun_jdk1.8.0_151/bin/java') with -d64 support.
-- Detected gnuplot version '4.6 patchlevel 2   ' (from 'gnuplot') and image format 'png'.
-- Detected 20 CPUs and 125 gigabytes of memory.
-- Detected Slurm with 'sinfo' binary in /usr/bin/sinfo.
-- Grid engine disabled per useGrid=false option.
--
--                            (tag)Concurrency
--                     (tag)Threads          |
--            (tag)Memory         |          |
--        (tag)         |         |          |     total usage     algorithm
--        -------  ------  --------   --------  -----------------  -----------------------------
-- Local: meryl     12 GB    4 CPUs x   5 jobs    60 GB   20 CPUs  (k-mer counting)
-- Local: hap        8 GB    4 CPUs x   5 jobs    40 GB   20 CPUs  (read-to-haplotype assignment)
-- Local: cormhap    6 GB   10 CPUs x   2 jobs    12 GB   20 CPUs  (overlap detection with mhap)
-- Local: obtovl     4 GB    5 CPUs x   4 jobs    16 GB   20 CPUs  (overlap detection)
-- Local: utgovl     4 GB    5 CPUs x   4 jobs    16 GB   20 CPUs  (overlap detection)
-- Local: ovb        4 GB    1 CPU  x  20 jobs    80 GB   20 CPUs  (overlap store bucketizer)
-- Local: ovs        8 GB    1 CPU  x  15 jobs   120 GB   15 CPUs  (overlap store sorting)
-- Local: red        8 GB    4 CPUs x   5 jobs    40 GB   20 CPUs  (read error detection)
-- Local: oea        4 GB    1 CPU  x  20 jobs    80 GB   20 CPUs  (overlap error adjustment)
-- Local: bat       16 GB    4 CPUs x   1 job     16 GB    4 CPUs  (contig construction with bogart)
-- Local: gfa        8 GB    4 CPUs x   1 job      8 GB    4 CPUs  (GFA alignment and processing)
--
-- Found PacBio uncorrected reads in the input files.
--
-- Generating assembly 'canu' in '/domus/h1/cabau/GA_project/analyses/01_assembly/01_canu_2'
--
-- Parameters:
--
--  genomeSize        2500000
--
--  Overlap Generation Limits:
--    corOvlErrorRate 0.2400 ( 24.00%)
--    obtOvlErrorRate 0.0450 (  4.50%)
--    utgOvlErrorRate 0.0450 (  4.50%)
--
--  Overlap Processing Limits:
--    corErrorRate    0.3000 ( 30.00%)
--    obtErrorRate    0.0450 (  4.50%)
--    utgErrorRate    0.0450 (  4.50%)
--    cnsErrorRate    0.0750 (  7.50%)
--
--
-- BEGIN CORRECTION
--
----------------------------------------
-- Starting command on Thu Apr 16 14:14:21 2020 with 21426.02 GB free disk space

    cd .
    /sw/bioinfo/canu/1.8/rackham/Linux-amd64/bin/sqStoreCreate \
      -o ./canu.seqStore.BUILDING \
      -minlength 1000 \
      ./canu.seqStore.ssi \
    > ./canu.seqStore.BUILDING.err 2>&1

-- Finished on Thu Apr 16 14:15:48 2020 (87 seconds) with 21424.8 GB free disk space
----------------------------------------
--
-- WARNING:  Potential problems with your input reads were detected.
-- WARNING:
-- WARNING:  Please review the logging in files:
-- WARNING:    /domus/h1/cabau/GA_project/analyses/01_assembly/01_canu_2/canu.seqStore.BUILDING.err
-- WARNING:    /domus/h1/cabau/GA_project/analyses/01_assembly/01_canu_2/canu.seqStore.BUILDING/errorLog
-- 
-- Proceeding with assembly because stopOnReadQuality=false.
--
-- In sequence store './canu.seqStore':
--   Found 215276 reads.
--   Found 2998404754 bases (1199.36 times coverage).
--
--   Read length histogram (one '*' equals 291.05 reads):
--     1000   1999  20374 **********************************************************************
--     2000   2999  13389 **********************************************
--     3000   3999  10440 ***********************************
--     4000   4999   9065 *******************************
--     5000   5999   8459 *****************************
--     6000   6999   8322 ****************************
--     7000   7999   8007 ***************************
--     8000   8999   7849 **************************
--     9000   9999   8363 ****************************
--    10000  10999   8919 ******************************
--    11000  11999   9049 *******************************
--    12000  12999   8350 ****************************
--    13000  13999   7695 **************************
--    14000  14999   7066 ************************
--    15000  15999   6436 **********************
--    16000  16999   5827 ********************
--    17000  17999   5370 ******************
--    18000  18999   5004 *****************
--    19000  19999   4571 ***************
--    20000  20999   4235 **************
--    21000  21999   3998 *************
--    22000  22999   3583 ************
--    23000  23999   3272 ***********
--    24000  24999   2991 **********
--    25000  25999   2795 *********
--    26000  26999   2685 *********
--    27000  27999   2354 ********
--    28000  28999   2215 *******
--    29000  29999   2139 *******
--    30000  30999   2052 *******
--    31000  31999   2003 ******
--    32000  32999   1840 ******
--    33000  33999   1881 ******
--    34000  34999   1915 ******
--    35000  35999   1732 *****
--    36000  36999   1703 *****
--    37000  37999   1496 *****
--    38000  38999   1341 ****
--    39000  39999   1022 ***
--    40000  40999    875 ***
--    41000  41999    715 **
--    42000  42999    583 **
--    43000  43999    529 *
--    44000  44999    447 *
--    45000  45999    385 *
--    46000  46999    346 *
--    47000  47999    267 
--    48000  48999    225 
--    49000  49999    175 
--    50000  50999    149 
--    51000  51999    129 
--    52000  52999    107 
--    53000  53999     73 
--    54000  54999     86 
--    55000  55999     65 
--    56000  56999     55 
--    57000  57999     54 
--    58000  58999     33 
--    59000  59999     35 
--    60000  60999     28 
--    61000  61999     30 
--    62000  62999     15 
--    63000  63999     16 
--    64000  64999      8 
--    65000  65999      6 
--    66000  66999      3 
--    67000  67999      6 
--    68000  68999      7 
--    69000  69999      6 
--    70000  70999      1 
--    71000  71999      2 
--    72000  72999      2 
--    73000  73999      2 
--    74000  74999      0 
--    75000  75999      0 
--    76000  76999      0 
--    77000  77999      0 
--    78000  78999      1 
--    79000  79999      0 
--    80000  80999      1 
--    81000  81999      0 
--    82000  82999      0 
--    83000  83999      0 
--    84000  84999      0 
--    85000  85999      0 
--    86000  86999      0 
--    87000  87999      0 
--    88000  88999      0 
--    89000  89999      0 
--    90000  90999      0 
--    91000  91999      1 
--    92000  92999      0 
--    93000  93999      0 
--    94000  94999      0 
--    95000  95999      0 
--    96000  96999      1 
----------------------------------------
-- Starting command on Thu Apr 16 14:15:50 2020 with 21424.656 GB free disk space

    cd correction/0-mercounts
    ./meryl-configure.sh \
    > ./meryl-configure.err 2>&1

-- Finished on Thu Apr 16 14:15:50 2020 (fast as lightning) with 21424.656 GB free disk space
----------------------------------------
--  segments   memory batches
--  -------- -------- -------
--        01  6.00 GB       1
--        02  3.50 GB       1
--        04  1.94 GB       1
--        06  1.31 GB       1
--        08  1.00 GB       1
--        12  0.69 GB       1
--        16  0.50 GB       1
--        20  0.44 GB       1
--        24  0.38 GB       1
--
--  For 215276 reads with 2998404754 bases, limit to 29 batches.
--  Will count kmers using 01 jobs, each using 8 GB and 4 threads.
--
-- Finished stage 'merylConfigure', reset canuIteration.
--
-- Running jobs.  First attempt out of 2.
----------------------------------------
-- Starting 'meryl' concurrent execution on Thu Apr 16 14:15:51 2020 with 21424.656 GB free disk space (1 processes; 5 concurrently)

    cd correction/0-mercounts
    ./meryl-count.sh 1 > ./meryl-count.000001.out 2>&1

-- Finished on Thu Apr 16 14:25:46 2020 (595 seconds) with 21415.283 GB free disk space
----------------------------------------
-- Found 1 Kmer counting (meryl) outputs.
-- Finished stage 'cor-merylCountCheck', reset canuIteration.
--
-- Running jobs.  First attempt out of 2.
----------------------------------------
-- Starting 'meryl' concurrent execution on Thu Apr 16 14:25:46 2020 with 21415.28 GB free disk space (1 processes; 5 concurrently)

    cd correction/0-mercounts
    ./meryl-process.sh 1 > ./meryl-process.000001.out 2>&1

-- Finished on Thu Apr 16 14:28:26 2020 (160 seconds) with 21412.003 GB free disk space
----------------------------------------
--
--  16-mers                                                                                           Fraction
--    Occurrences   NumMers                                                                         Unique Total
--       1-     1         0                                                                        0.0000 0.0000
--       2-     2 261765837 ********************************************************************** 0.4883 0.2178
--       3-     4 171949032 *********************************************                          0.7049 0.3627
--       5-     7  58297114 ***************                                                        0.8643 0.5172
--       8-    11  21542166 *****                                                                  0.9323 0.6194
--      12-    16  10107970 **                                                                     0.9632 0.6898
--      17-    22   5024397 *                                                                      0.9789 0.7412
--      23-    29   2506072                                                                        0.9871 0.7777
--      30-    37   1210178                                                                        0.9912 0.8021
--      38-    46    587977                                                                        0.9932 0.8175
--      47-    56    273187                                                                        0.9942 0.8269
--      57-    67    124652                                                                        0.9947 0.8323
--      68-    79     64585                                                                        0.9949 0.8353
--      80-    92     63335                                                                        0.9950 0.8372
--      93-   106    158318                                                                        0.9951 0.8396
--     107-   121    428480                                                                        0.9955 0.8468
--     122-   137    719720                                                                        0.9963 0.8684
--     138-   154    686290                                                                        0.9977 0.9080
--     155-   172    377245                                                                        0.9989 0.9487
--     173-   191    135417                                                                        0.9996 0.9731
--     192-   211     41857                                                                        0.9998 0.9827
--     212-   232     17081                                                                        0.9999 0.9860
--     233-   254     11521                                                                        0.9999 0.9875
--     255-   277      9329                                                                        0.9999 0.9886
--     278-   301      6609                                                                        1.0000 0.9897
--     302-   326      4168                                                                        1.0000 0.9904
--     327-   352      2459                                                                        1.0000 0.9910
--     353-   379      1585                                                                        1.0000 0.9913
--     380-   407      1277                                                                        1.0000 0.9915
--     408-   436       937                                                                        1.0000 0.9917
--     437-   466       677                                                                        1.0000 0.9919
--     467-   497       506                                                                        1.0000 0.9920
--     498-   529       445                                                                        1.0000 0.9921
--     530-   562       484                                                                        1.0000 0.9922
--     563-   596       576                                                                        1.0000 0.9923
--     597-   631       619                                                                        1.0000 0.9925
--     632-   667       706                                                                        1.0000 0.9926
--     668-   704       567                                                                        1.0000 0.9928
--     705-   742       485                                                                        1.0000 0.9930
--     743-   781       394                                                                        1.0000 0.9931
--     782-   821       296                                                                        1.0000 0.9933
--
--           0 (max occurrences)
--  2403990516 (total mers, non-unique)
--   536128161 (distinct mers, non-unique)
--           0 (unique mers)
-- Finished stage 'meryl-process', reset canuIteration.
--
-- OVERLAPPER (mhap) (correction)
--
-- Set corMhapSensitivity=low based on read coverage of 1199.
--
-- PARAMETERS: hashes=256, minMatches=3, threshold=0.8
--
-- Given 5.4 GB, can fit 16200 reads per block.
-- For 15 blocks, set stride to 2 blocks.
-- Logging partitioning to 'correction/1-overlapper/partitioning.log'.
-- Configured 14 mhap precompute jobs.
-- Configured 50 mhap overlap jobs.
-- Finished stage 'cor-mhapConfigure', reset canuIteration.
--
-- Running jobs.  First attempt out of 2.
----------------------------------------
-- Starting 'cormhap' concurrent execution on Thu Apr 16 14:28:27 2020 with 21412.002 GB free disk space (14 processes; 2 concurrently)

    cd correction/1-overlapper
    ./precompute.sh 1 > ./precompute.000001.out 2>&1
    ./precompute.sh 2 > ./precompute.000002.out 2>&1
    ./precompute.sh 3 > ./precompute.000003.out 2>&1
    ./precompute.sh 4 > ./precompute.000004.out 2>&1
    ./precompute.sh 5 > ./precompute.000005.out 2>&1
    ./precompute.sh 6 > ./precompute.000006.out 2>&1
    ./precompute.sh 7 > ./precompute.000007.out 2>&1
    ./precompute.sh 8 > ./precompute.000008.out 2>&1
    ./precompute.sh 9 > ./precompute.000009.out 2>&1
    ./precompute.sh 10 > ./precompute.000010.out 2>&1
    ./precompute.sh 11 > ./precompute.000011.out 2>&1
    ./precompute.sh 12 > ./precompute.000012.out 2>&1
    ./precompute.sh 13 > ./precompute.000013.out 2>&1
    ./precompute.sh 14 > ./precompute.000014.out 2>&1

-- Finished on Thu Apr 16 20:11:15 2020 (20568 seconds) with 21165.045 GB free disk space
----------------------------------------
-- All 14 mhap precompute jobs finished successfully.
-- Finished stage 'cor-mhapPrecomputeCheck', reset canuIteration.
--
-- Running jobs.  First attempt out of 2.
----------------------------------------
-- Starting 'cormhap' concurrent execution on Thu Apr 16 20:11:15 2020 with 21165.044 GB free disk space (50 processes; 2 concurrently)

    cd correction/1-overlapper
    ./mhap.sh 1 > ./mhap.000001.out 2>&1
    ./mhap.sh 2 > ./mhap.000002.out 2>&1
    ./mhap.sh 3 > ./mhap.000003.out 2>&1
    ./mhap.sh 4 > ./mhap.000004.out 2>&1
    ./mhap.sh 5 > ./mhap.000005.out 2>&1
    ./mhap.sh 6 > ./mhap.000006.out 2>&1
    ./mhap.sh 7 > ./mhap.000007.out 2>&1
    ./mhap.sh 8 > ./mhap.000008.out 2>&1
    ./mhap.sh 9 > ./mhap.000009.out 2>&1
    ./mhap.sh 10 > ./mhap.000010.out 2>&1
    ./mhap.sh 11 > ./mhap.000011.out 2>&1
    ./mhap.sh 12 > ./mhap.000012.out 2>&1
    ./mhap.sh 13 > ./mhap.000013.out 2>&1
    ./mhap.sh 14 > ./mhap.000014.out 2>&1
    ./mhap.sh 15 > ./mhap.000015.out 2>&1
    ./mhap.sh 16 > ./mhap.000016.out 2>&1
    ./mhap.sh 17 > ./mhap.000017.out 2>&1
    ./mhap.sh 18 > ./mhap.000018.out 2>&1
    ./mhap.sh 19 > ./mhap.000019.out 2>&1
    ./mhap.sh 20 > ./mhap.000020.out 2>&1
    ./mhap.sh 21 > ./mhap.000021.out 2>&1
    ./mhap.sh 22 > ./mhap.000022.out 2>&1
    ./mhap.sh 23 > ./mhap.000023.out 2>&1
    ./mhap.sh 24 > ./mhap.000024.out 2>&1
    ./mhap.sh 25 > ./mhap.000025.out 2>&1
    ./mhap.sh 26 > ./mhap.000026.out 2>&1
    ./mhap.sh 27 > ./mhap.000027.out 2>&1
    ./mhap.sh 28 > ./mhap.000028.out 2>&1
    ./mhap.sh 29 > ./mhap.000029.out 2>&1
    ./mhap.sh 30 > ./mhap.000030.out 2>&1
    ./mhap.sh 31 > ./mhap.000031.out 2>&1
    ./mhap.sh 32 > ./mhap.000032.out 2>&1
    ./mhap.sh 33 > ./mhap.000033.out 2>&1
    ./mhap.sh 34 > ./mhap.000034.out 2>&1
    ./mhap.sh 35 > ./mhap.000035.out 2>&1
    ./mhap.sh 36 > ./mhap.000036.out 2>&1
    ./mhap.sh 37 > ./mhap.000037.out 2>&1
    ./mhap.sh 38 > ./mhap.000038.out 2>&1
    ./mhap.sh 39 > ./mhap.000039.out 2>&1
    ./mhap.sh 40 > ./mhap.000040.out 2>&1
    ./mhap.sh 41 > ./mhap.000041.out 2>&1
    ./mhap.sh 42 > ./mhap.000042.out 2>&1
    ./mhap.sh 43 > ./mhap.000043.out 2>&1
    ./mhap.sh 44 > ./mhap.000044.out 2>&1
    ./mhap.sh 45 > ./mhap.000045.out 2>&1
    ./mhap.sh 46 > ./mhap.000046.out 2>&1
    ./mhap.sh 47 > ./mhap.000047.out 2>&1
    ./mhap.sh 48 > ./mhap.000048.out 2>&1
    ./mhap.sh 49 > ./mhap.000049.out 2>&1
    ./mhap.sh 50 > ./mhap.000050.out 2>&1

-- Finished on Thu Apr 16 20:47:32 2020 (2177 seconds) with 21159.095 GB free disk space
----------------------------------------
-- Found 50 mhap overlap output files.
-- Finished stage 'cor-mhapCheck', reset canuIteration.
----------------------------------------
-- Starting command on Thu Apr 16 20:47:32 2020 with 21159.094 GB free disk space

    cd correction
    /sw/bioinfo/canu/1.8/rackham/Linux-amd64/bin/ovStoreConfig \
     -S ../canu.seqStore \
     -M 4-8 \
     -L ./1-overlapper/ovljob.files \
     -create ./canu.ovlStore.config \
     > ./canu.ovlStore.config.txt \
    2> ./canu.ovlStore.config.err

-- Finished on Thu Apr 16 20:47:33 2020 (one second) with 21159.063 GB free disk space
----------------------------------------
--
-- Creating overlap store correction/canu.ovlStore using:
--      2 buckets
--      2 slices
--        using at most 3 GB memory each
-- Finished stage 'cor-overlapStoreConfigure', reset canuIteration.
--
-- Running jobs.  First attempt out of 2.
----------------------------------------
-- Starting 'ovB' concurrent execution on Thu Apr 16 20:47:33 2020 with 21159.053 GB free disk space (2 processes; 20 concurrently)

    cd correction/canu.ovlStore.BUILDING
    ./scripts/1-bucketize.sh 1 > ./logs/1-bucketize.000001.out 2>&1
    ./scripts/1-bucketize.sh 2 > ./logs/1-bucketize.000002.out 2>&1

-- Finished on Thu Apr 16 20:47:50 2020 (17 seconds) with 21158.032 GB free disk space
----------------------------------------
-- Overlap store bucketizer finished.
-- Finished stage 'cor-overlapStoreBucketizerCheck', reset canuIteration.
--
-- Running jobs.  First attempt out of 2.
----------------------------------------
-- Starting 'ovS' concurrent execution on Thu Apr 16 20:47:50 2020 with 21158.032 GB free disk space (2 processes; 15 concurrently)

    cd correction/canu.ovlStore.BUILDING
    ./scripts/2-sort.sh 1 > ./logs/2-sort.000001.out 2>&1
    ./scripts/2-sort.sh 2 > ./logs/2-sort.000002.out 2>&1

-- Finished on Thu Apr 16 20:48:29 2020 (39 seconds) with 21156.801 GB free disk space
----------------------------------------
-- Overlap store sorter finished.
-- Finished stage 'cor-overlapStoreSorterCheck', reset canuIteration.
----------------------------------------
-- Starting command on Thu Apr 16 20:48:29 2020 with 21156.801 GB free disk space

    cd correction
    /sw/bioinfo/canu/1.8/rackham/Linux-amd64/bin/ovStoreIndexer \
      -O  ./canu.ovlStore.BUILDING \
      -S ../canu.seqStore \
      -C  ./canu.ovlStore.config \
      -delete \
    > ./canu.ovlStore.BUILDING.index.err 2>&1

-- Finished on Thu Apr 16 20:48:29 2020 (fast as lightning) with 21156.775 GB free disk space
----------------------------------------
-- Checking store.
----------------------------------------
-- Starting command on Thu Apr 16 20:48:29 2020 with 21156.775 GB free disk space

    cd correction
    /sw/bioinfo/canu/1.8/rackham/Linux-amd64/bin/ovStoreDump \
     -S ../canu.seqStore \
     -O  ./canu.ovlStore \
     -counts \
     > ./canu.ovlStore/counts.dat 2> ./canu.ovlStore/counts.err

-- Finished on Thu Apr 16 20:48:29 2020 (in the blink of an eye) with 21156.773 GB free disk space
----------------------------------------
--
-- Overlap store 'correction/canu.ovlStore' successfully constructed.
-- Found 57214462 overlaps for 164818 reads; 50458 reads have no overlaps.
--
--
-- Purged 26.59 GB in 205 overlap output files.
-- Finished stage 'cor-createOverlapStore', reset canuIteration.
-- Set corMinCoverage=4 based on read coverage of 1199.
-- Global filter scores will be estimated.
-- Computing correction layouts.
----------------------------------------
-- Starting command on Thu Apr 16 20:48:31 2020 with 21156.741 GB free disk space

    cd correction
    /sw/bioinfo/canu/1.8/rackham/Linux-amd64/bin/generateCorrectionLayouts \
      -S ../canu.seqStore \
      -O  ./canu.ovlStore \
      -C  ./canu.corStore.WORKING \
      -eC 80 \
    > ./canu.corStore.err 2>&1

-- Finished on Thu Apr 16 20:49:01 2020 (30 seconds) with 21156.435 GB free disk space
----------------------------------------
-- Finished stage 'cor-buildCorrectionLayoutsConfigure', reset canuIteration.
-- Computing correction layouts.
----------------------------------------
-- Starting command on Thu Apr 16 20:49:01 2020 with 21156.435 GB free disk space

    cd correction/2-correction
    /sw/bioinfo/canu/1.8/rackham/Linux-amd64/bin/filterCorrectionLayouts \
      -S  ../../canu.seqStore \
      -C     ../canu.corStore \
      -R      ./canu.readsToCorrect.WORKING \
      -cc 4 \
      -cl 1000 \
      -g  2500000 \
      -c  40 \
    > ./canu.readsToCorrect.err 2>&1

-- Finished on Thu Apr 16 20:49:03 2020 (2 seconds) with 21156.363 GB free disk space
----------------------------------------
--                             original      original
--                            raw reads     raw reads
--   category                w/overlaps  w/o/overlaps
--   -------------------- ------------- -------------
--   Number of Reads             127991         87285
--   Number of Bases         2035449575     507289009
--   Coverage                   814.180       202.916
--   Median                       13329             0
--   Mean                         15903          5811
--   N50                          22173         19582
--   Minimum                       1000             0
--   Maximum                      64897         78423
--   
--                                        --------corrected---------  ----------rescued----------
--                             evidence                     expected                     expected
--   category                     reads            raw     corrected            raw     corrected
--   -------------------- -------------  ------------- -------------  ------------- -------------
--   Number of Reads             101612           2631          2631          14049         14049
--   Number of Bases         1899744811      102437656     100016111      143897976      88635412
--   Coverage                   759.898         40.975        40.006         57.559        35.454
--   Median                       16000          38271         37651           8171          4201
--   Mean                         18696          38934         38014          10242          6309
--   N50                          23542          38397         37728          14320         10051
--   Minimum                       1010          36105         36092           1007          1001
--   Maximum                      69274          64897         47181          58217         35927
--   
--                        --------uncorrected--------
--                                           expected
--   category                       raw     corrected
--   -------------------- ------------- -------------
--   Number of Reads             198596        198596
--   Number of Bases         2296402952    1093207798
--   Coverage                   918.561       437.283
--   Median                        9562             0
--   Mean                         11563          5504
--   N50                          21309         20162
--   Minimum                          0             0
--   Maximum                      78423         49502
--   
--   Maximum Memory          1228212848
-- Finished stage 'cor-filterCorrectionLayouts', reset canuIteration.
--
--                            (tag)Concurrency
--                     (tag)Threads          |
--            (tag)Memory         |          |
--        (tag)         |         |          |     total usage     algorithm
--        -------  ------  --------   --------  -----------------  -----------------------------
-- Local: cor        5 GB    2 CPUs x  10 jobs    50 GB   20 CPUs  (read correction)
--
-- Using overlaps no worse than 0.3 fraction error for correcting reads (from corErrorRate parameter).
-- Finished stage 'cor-generateCorrectedReadsConfigure', reset canuIteration.
--
-- Running jobs.  First attempt out of 2.
----------------------------------------
-- Starting 'cor' concurrent execution on Thu Apr 16 20:49:03 2020 with 21156.34 GB free disk space (44 processes; 10 concurrently)

    cd correction/2-correction
    ./correctReads.sh 1 > ./correctReads.000001.out 2>&1
    ./correctReads.sh 2 > ./correctReads.000002.out 2>&1
    ./correctReads.sh 3 > ./correctReads.000003.out 2>&1
    ./correctReads.sh 4 > ./correctReads.000004.out 2>&1
    ./correctReads.sh 5 > ./correctReads.000005.out 2>&1
    ./correctReads.sh 6 > ./correctReads.000006.out 2>&1
    ./correctReads.sh 7 > ./correctReads.000007.out 2>&1
    ./correctReads.sh 8 > ./correctReads.000008.out 2>&1
    ./correctReads.sh 9 > ./correctReads.000009.out 2>&1
    ./correctReads.sh 10 > ./correctReads.000010.out 2>&1
    ./correctReads.sh 11 > ./correctReads.000011.out 2>&1
    ./correctReads.sh 12 > ./correctReads.000012.out 2>&1
    ./correctReads.sh 13 > ./correctReads.000013.out 2>&1
    ./correctReads.sh 14 > ./correctReads.000014.out 2>&1
    ./correctReads.sh 15 > ./correctReads.000015.out 2>&1
    ./correctReads.sh 16 > ./correctReads.000016.out 2>&1
    ./correctReads.sh 17 > ./correctReads.000017.out 2>&1
    ./correctReads.sh 18 > ./correctReads.000018.out 2>&1
    ./correctReads.sh 19 > ./correctReads.000019.out 2>&1
    ./correctReads.sh 20 > ./correctReads.000020.out 2>&1
    ./correctReads.sh 21 > ./correctReads.000021.out 2>&1
    ./correctReads.sh 22 > ./correctReads.000022.out 2>&1
    ./correctReads.sh 23 > ./correctReads.000023.out 2>&1
    ./correctReads.sh 24 > ./correctReads.000024.out 2>&1
    ./correctReads.sh 25 > ./correctReads.000025.out 2>&1
    ./correctReads.sh 26 > ./correctReads.000026.out 2>&1
    ./correctReads.sh 27 > ./correctReads.000027.out 2>&1
    ./correctReads.sh 28 > ./correctReads.000028.out 2>&1
    ./correctReads.sh 29 > ./correctReads.000029.out 2>&1
    ./correctReads.sh 30 > ./correctReads.000030.out 2>&1
    ./correctReads.sh 31 > ./correctReads.000031.out 2>&1
    ./correctReads.sh 32 > ./correctReads.000032.out 2>&1
    ./correctReads.sh 33 > ./correctReads.000033.out 2>&1
    ./correctReads.sh 34 > ./correctReads.000034.out 2>&1
    ./correctReads.sh 35 > ./correctReads.000035.out 2>&1
    ./correctReads.sh 36 > ./correctReads.000036.out 2>&1
    ./correctReads.sh 37 > ./correctReads.000037.out 2>&1
    ./correctReads.sh 38 > ./correctReads.000038.out 2>&1
    ./correctReads.sh 39 > ./correctReads.000039.out 2>&1
    ./correctReads.sh 40 > ./correctReads.000040.out 2>&1
    ./correctReads.sh 41 > ./correctReads.000041.out 2>&1
    ./correctReads.sh 42 > ./correctReads.000042.out 2>&1
    ./correctReads.sh 43 > ./correctReads.000043.out 2>&1
    ./correctReads.sh 44 > ./correctReads.000044.out 2>&1

-- Finished on Thu Apr 16 23:50:22 2020 (10879 seconds, better late than never) with 21018.15 GB free disk space
----------------------------------------
-- Found 44 read correction output files.
-- Finished stage 'cor-generateCorrectedReadsCheck', reset canuIteration.
-- Found 44 read correction output files.
-- Finished stage 'cor-generateCorrectedReadsCheck', reset canuIteration.
--
-- Loading corrected reads into corStore and seqStore.
----------------------------------------
-- Starting command on Thu Apr 16 23:50:23 2020 with 21018.14 GB free disk space

    cd correction
    /sw/bioinfo/canu/1.8/rackham/Linux-amd64/bin/loadCorrectedReads \
      -S ../canu.seqStore \
      -C ./canu.corStore \
      -L ./2-correction/corjob.files \
    >  ./canu.loadCorrectedReads.log \
    2> ./canu.loadCorrectedReads.err

-- Finished on Thu Apr 16 23:50:28 2020 (5 seconds) with 21017.9 GB free disk space
----------------------------------------
--
-- In sequence store './canu.seqStore':
--   Found 10774 reads.
--   Found 132551771 bases (53.02 times coverage).
--
--   Read length histogram (one '*' equals 19.48 reads):
--        0    999    944 ************************************************
--     1000   1999   1364 **********************************************************************
--     2000   2999    907 **********************************************
--     3000   3999    642 ********************************
--     4000   4999    564 ****************************
--     5000   5999    551 ****************************
--     6000   6999    496 *************************
--     7000   7999    435 **********************
--     8000   8999    399 ********************
--     9000   9999    382 *******************
--    10000  10999    371 *******************
--    11000  11999    259 *************
--    12000  12999    176 *********
--    13000  13999    116 *****
--    14000  14999    129 ******
--    15000  15999     96 ****
--    16000  16999     81 ****
--    17000  17999     82 ****
--    18000  18999     68 ***
--    19000  19999     84 ****
--    20000  20999     68 ***
--    21000  21999     66 ***
--    22000  22999     67 ***
--    23000  23999     66 ***
--    24000  24999     54 **
--    25000  25999     62 ***
--    26000  26999     73 ***
--    27000  27999     74 ***
--    28000  28999     65 ***
--    29000  29999     71 ***
--    30000  30999     66 ***
--    31000  31999     91 ****
--    32000  32999    103 *****
--    33000  33999    140 *******
--    34000  34999    202 **********
--    35000  35999    426 *********************
--    36000  36999    385 *******************
--    37000  37999    275 **************
--    38000  38999    147 *******
--    39000  39999     87 ****
--    40000  40999     29 *
--    41000  41999      4 
--    42000  42999      4 
--    43000  43999      2 
--    44000  44999      1 
--
-- Purging correctReads output after loading into stores.
-- Purged 44 .cns outputs.
-- Purged 88 .out job log outputs.
--
-- Purging overlaps used for correction.
-- Finished stage 'cor-loadCorrectedReads', reset canuIteration.
----------------------------------------
-- Starting command on Thu Apr 16 23:50:30 2020 with 21017.735 GB free disk space

    cd .
    /sw/bioinfo/canu/1.8/rackham/Linux-amd64/bin/sqStoreDumpFASTQ \
      -corrected \
      -S ./canu.seqStore \
      -o ./canu.correctedReads.gz \
      -fasta \
      -nolibname \
    > canu.correctedReads.fasta.err 2>&1

-- Finished on Thu Apr 16 23:50:34 2020 (4 seconds) with 21017.536 GB free disk space
----------------------------------------
--
-- Corrected reads saved in 'canu.correctedReads.fasta.gz'.
-- Finished stage 'cor-dumpCorrectedReads', reset canuIteration.
--
--
-- BEGIN TRIMMING
--
----------------------------------------
-- Starting command on Thu Apr 16 23:50:34 2020 with 21017.536 GB free disk space

    cd trimming/0-mercounts
    ./meryl-configure.sh \
    > ./meryl-configure.err 2>&1

-- Finished on Thu Apr 16 23:50:34 2020 (fast as lightning) with 21017.536 GB free disk space
----------------------------------------
--  segments   memory batches
--  -------- -------- -------
--        01  0.56 GB       1
--
--  For 10774 reads with 132551771 bases, limit to 1 batch.
--  Will count kmers using 01 jobs, each using 2 GB and 4 threads.
--
-- Finished stage 'merylConfigure', reset canuIteration.
--
-- Running jobs.  First attempt out of 2.
----------------------------------------
-- Starting 'meryl' concurrent execution on Thu Apr 16 23:50:34 2020 with 21017.536 GB free disk space (1 processes; 5 concurrently)

    cd trimming/0-mercounts
    ./meryl-count.sh 1 > ./meryl-count.000001.out 2>&1

-- Finished on Thu Apr 16 23:50:56 2020 (22 seconds) with 21017.125 GB free disk space
----------------------------------------
-- Found 1 Kmer counting (meryl) outputs.
-- Finished stage 'obt-merylCountCheck', reset canuIteration.
--
-- Running jobs.  First attempt out of 2.
----------------------------------------
-- Starting 'meryl' concurrent execution on Thu Apr 16 23:50:56 2020 with 21017.125 GB free disk space (1 processes; 5 concurrently)

    cd trimming/0-mercounts
    ./meryl-process.sh 1 > ./meryl-process.000001.out 2>&1

-- Finished on Thu Apr 16 23:51:21 2020 (25 seconds) with 21016.824 GB free disk space
----------------------------------------
--
--  22-mers                                                                                           Fraction
--    Occurrences   NumMers                                                                         Unique Total
--       1-     1         0                                                                        0.0000 0.0000
--       2-     2   1155025 ********************************************************************** 0.2537 0.0191
--       3-     4    576550 **********************************                                     0.3405 0.0289
--       5-     7    188484 ***********                                                            0.4017 0.0389
--       8-    11     61372 ***                                                                    0.4271 0.0453
--      12-    16     21818 *                                                                      0.4368 0.0490
--      17-    22     41163 **                                                                     0.4409 0.0513
--      23-    29    248488 ***************                                                        0.4529 0.0609
--      30-    37    721101 *******************************************                            0.5183 0.1291
--      38-    46    839876 **************************************************                     0.6858 0.3483
--      47-    56    413177 *************************                                              0.8606 0.6282
--      57-    67    147713 ********                                                               0.9425 0.7873
--      68-    79     36256 **                                                                     0.9709 0.8533
--      80-    92     23831 *                                                                      0.9783 0.8739
--      93-   106     23292 *                                                                      0.9834 0.8905
--     107-   121     22133 *                                                                      0.9886 0.9100
--     122-   137     15729                                                                        0.9933 0.9305
--     138-   154     10567                                                                        0.9967 0.9469
--     155-   172      2551                                                                        0.9989 0.9592
--     173-   191        44                                                                        0.9994 0.9620
--     192-   211        17                                                                        0.9994 0.9621
--     212-   232        10                                                                        0.9994 0.9621
--     233-   254         8                                                                        0.9994 0.9621
--     255-   277        17                                                                        0.9994 0.9621
--     278-   301        13                                                                        0.9994 0.9622
--     302-   326        25                                                                        0.9994 0.9622
--     327-   352        52                                                                        0.9994 0.9623
--     353-   379        52                                                                        0.9994 0.9624
--     380-   407        59                                                                        0.9995 0.9626
--     408-   436        19                                                                        0.9995 0.9628
--     437-   466        11                                                                        0.9995 0.9628
--     467-   497         0                                                                        0.0000 0.0000
--     498-   529         9                                                                        0.9995 0.9629
--     530-   562         4                                                                        0.9995 0.9629
--     563-   596         7                                                                        0.9995 0.9629
--     597-   631        13                                                                        0.9995 0.9630
--     632-   667        81                                                                        0.9995 0.9630
--     668-   704       115                                                                        0.9995 0.9635
--     705-   742       208                                                                        0.9995 0.9641
--     743-   781       423                                                                        0.9996 0.9654
--     782-   821       873                                                                        0.9997 0.9682
--
--           0 (max occurrences)
--   120936484 (total mers, non-unique)
--     4551827 (distinct mers, non-unique)
--           0 (unique mers)
-- Finished stage 'meryl-process', reset canuIteration.
--
-- OVERLAPPER (normal) (trimming) erate=0.045
--
----------------------------------------
-- Starting command on Thu Apr 16 23:51:21 2020 with 21016.802 GB free disk space

    cd trimming/1-overlapper
    /sw/bioinfo/canu/1.8/rackham/Linux-amd64/bin/overlapInCorePartition \
     -S  ../../canu.seqStore \
     -hl 80000000 \
     -rl 1000000000 \
     -ol 500 \
     -o  ./canu.partition \
    > ./canu.partition.err 2>&1

-- Finished on Thu Apr 16 23:51:22 2020 (one second) with 21016.802 GB free disk space
----------------------------------------
--
-- Configured 2 overlapInCore jobs.
-- Finished stage 'obt-overlapConfigure', reset canuIteration.
--
-- Running jobs.  First attempt out of 2.
----------------------------------------
-- Starting 'obtovl' concurrent execution on Thu Apr 16 23:51:22 2020 with 21016.802 GB free disk space (2 processes; 4 concurrently)

    cd trimming/1-overlapper
    ./overlap.sh 1 > ./overlap.000001.out 2>&1
    ./overlap.sh 2 > ./overlap.000002.out 2>&1

-- Finished on Fri Apr 17 01:13:19 2020 (4917 seconds) with 21085.367 GB free disk space
----------------------------------------
-- Found 2 overlapInCore output files.
--
-- overlapInCore compute 'trimming/1-overlapper':
--   kmer hits
--     with no overlap          1154011    577005.5 +- 180881.45
--     with an overlap           694287    347143.5 +- 135199.523
--
--   overlaps                    694287    347143.5 +- 135199.523
--     contained                      0           0 +- 0
--     dovetail                       0           0 +- 0
--
--   overlaps rejected
--     multiple per pair              0           0 +- 0
--     bad short window               0           0 +- 0
--     bad long window                0           0 +- 0
-- Finished stage 'obt-overlapCheck', reset canuIteration.
----------------------------------------
-- Starting command on Fri Apr 17 01:13:19 2020 with 21085.367 GB free disk space

    cd trimming
    /sw/bioinfo/canu/1.8/rackham/Linux-amd64/bin/ovStoreConfig \
     -S ../canu.seqStore \
     -M 3 \
     -L ./1-overlapper/ovljob.files \
     -create ./canu.ovlStore.config \
     > ./canu.ovlStore.config.txt \
    2> ./canu.ovlStore.config.err

-- Finished on Fri Apr 17 01:13:19 2020 (fast as lightning) with 21085.367 GB free disk space
----------------------------------------
--
-- Creating overlap store trimming/canu.ovlStore using:
--      2 buckets
--      2 slices
--        using at most 1 GB memory each
-- Finished stage 'obt-overlapStoreConfigure', reset canuIteration.
--
-- Running jobs.  First attempt out of 2.
----------------------------------------
-- Starting 'ovB' concurrent execution on Fri Apr 17 01:13:19 2020 with 21085.367 GB free disk space (2 processes; 20 concurrently)

    cd trimming/canu.ovlStore.BUILDING
    ./scripts/1-bucketize.sh 1 > ./logs/1-bucketize.000001.out 2>&1
    ./scripts/1-bucketize.sh 2 > ./logs/1-bucketize.000002.out 2>&1

-- Finished on Fri Apr 17 01:13:20 2020 (one second) with 21085.342 GB free disk space
----------------------------------------
-- Overlap store bucketizer finished.
-- Finished stage 'obt-overlapStoreBucketizerCheck', reset canuIteration.
--
-- Running jobs.  First attempt out of 2.
----------------------------------------
-- Starting 'ovS' concurrent execution on Fri Apr 17 01:13:20 2020 with 21085.342 GB free disk space (2 processes; 15 concurrently)

    cd trimming/canu.ovlStore.BUILDING
    ./scripts/2-sort.sh 1 > ./logs/2-sort.000001.out 2>&1
    ./scripts/2-sort.sh 2 > ./logs/2-sort.000002.out 2>&1

-- Finished on Fri Apr 17 01:13:21 2020 (one second) with 21085.293 GB free disk space
----------------------------------------
-- Overlap store sorter finished.
-- Finished stage 'obt-overlapStoreSorterCheck', reset canuIteration.
----------------------------------------
-- Starting command on Fri Apr 17 01:13:21 2020 with 21085.293 GB free disk space

    cd trimming
    /sw/bioinfo/canu/1.8/rackham/Linux-amd64/bin/ovStoreIndexer \
      -O  ./canu.ovlStore.BUILDING \
      -S ../canu.seqStore \
      -C  ./canu.ovlStore.config \
      -delete \
    > ./canu.ovlStore.BUILDING.index.err 2>&1

-- Finished on Fri Apr 17 01:13:22 2020 (one second) with 21085.274 GB free disk space
----------------------------------------
-- Checking store.
----------------------------------------
-- Starting command on Fri Apr 17 01:13:22 2020 with 21085.274 GB free disk space

    cd trimming
    /sw/bioinfo/canu/1.8/rackham/Linux-amd64/bin/ovStoreDump \
     -S ../canu.seqStore \
     -O  ./canu.ovlStore \
     -counts \
     > ./canu.ovlStore/counts.dat 2> ./canu.ovlStore/counts.err

-- Finished on Fri Apr 17 01:13:22 2020 (furiously fast) with 21085.273 GB free disk space
----------------------------------------
--
-- Overlap store 'trimming/canu.ovlStore' successfully constructed.
-- Found 1381928 overlaps for 9758 reads; 205518 reads have no overlaps.
--
--
-- Purged 0.015 GB in 6 overlap output files.
-- Finished stage 'obt-createOverlapStore', reset canuIteration.
----------------------------------------
-- Starting command on Fri Apr 17 01:13:22 2020 with 21085.272 GB free disk space

    cd trimming/3-overlapbasedtrimming
    /sw/bioinfo/canu/1.8/rackham/Linux-amd64/bin/trimReads \
      -S  ../../canu.seqStore \
      -O  ../canu.ovlStore \
      -Co ./canu.1.trimReads.clear \
      -e  0.045 \
      -minlength 1000 \
      -ol 1 \
      -oc 1 \
      -o  ./canu.1.trimReads \
    >     ./canu.1.trimReads.err 2>&1

-- Finished on Fri Apr 17 01:13:28 2020 (6 seconds) with 21085.317 GB free disk space
----------------------------------------
--  PARAMETERS:
--  ----------
--     1000    (reads trimmed below this many bases are deleted)
--   0.0450    (use overlaps at or below this fraction error)
--        1    (break region if overlap is less than this long, for 'largest covered' algorithm)
--        1    (break region if overlap coverage is less than this many read, for 'largest covered' algorithm)
--  
--  INPUT READS:
--  -----------
--  215276 reads    132551771 bases (reads processed)
--       0 reads            0 bases (reads not processed, previously deleted)
--       0 reads            0 bases (reads not processed, in a library where trimming isn't allowed)
--  
--  OUTPUT READS:
--  ------------
--    8176 reads     87623838 bases (trimmed reads output)
--     988 reads      5349170 bases (reads with no change, kept as is)
--  205518 reads      1354818 bases (reads with no overlaps, deleted)
--     594 reads       686633 bases (reads with short trimmed length, deleted)
--  
--  TRIMMING DETAILS:
--  ----------------
--    6370 reads     15824407 bases (bases trimmed from the 5' end of a read)
--    6615 reads     21712905 bases (bases trimmed from the 3' end of a read)
-- Finished stage 'obt-trimReads', reset canuIteration.
----------------------------------------
-- Starting command on Fri Apr 17 01:13:28 2020 with 21085.317 GB free disk space

    cd trimming/3-overlapbasedtrimming
    /sw/bioinfo/canu/1.8/rackham/Linux-amd64/bin/splitReads \
      -S  ../../canu.seqStore \
      -O  ../canu.ovlStore \
      -Ci ./canu.1.trimReads.clear \
      -Co ./canu.2.splitReads.clear \
      -e  0.045 \
      -minlength 1000 \
      -o  ./canu.2.splitReads \
    >     ./canu.2.splitReads.err 2>&1

-- Finished on Fri Apr 17 01:13:30 2020 (2 seconds) with 21085.315 GB free disk space
----------------------------------------
--  PARAMETERS:
--  ----------
--     1000    (reads trimmed below this many bases are deleted)
--   0.0450    (use overlaps at or below this fraction error)
--  INPUT READS:
--  -----------
--    9164 reads    130510320 bases (reads processed)
--  206112 reads      2041451 bases (reads not processed, previously deleted)
--       0 reads            0 bases (reads not processed, in a library where trimming isn't allowed)
--  
--  PROCESSED:
--  --------
--       0 reads            0 bases (no overlaps)
--       0 reads            0 bases (no coverage after adjusting for trimming done already)
--       0 reads            0 bases (processed for chimera)
--       0 reads            0 bases (processed for spur)
--    9164 reads    130510320 bases (processed for subreads)
--  
--  READS WITH SIGNALS:
--  ------------------
--       0 reads            0 signals (number of 5' spur signal)
--       0 reads            0 signals (number of 3' spur signal)
--       0 reads            0 signals (number of chimera signal)
--     404 reads          409 signals (number of subread signal)
--  
--  SIGNALS:
--  -------
--       0 reads            0 bases (size of 5' spur signal)
--       0 reads            0 bases (size of 3' spur signal)
--       0 reads            0 bases (size of chimera signal)
--     409 reads       148878 bases (size of subread signal)
--  
--  TRIMMING:
--  --------
--     177 reads      2419155 bases (trimmed from the 5' end of the read)
--     231 reads      2975122 bases (trimmed from the 3' end of the read)
-- Finished stage 'obt-splitReads', reset canuIteration.
----------------------------------------
-- Starting command on Fri Apr 17 01:13:30 2020 with 21085.315 GB free disk space

    cd trimming/3-overlapbasedtrimming
    /sw/bioinfo/canu/1.8/rackham/Linux-amd64/bin/loadTrimmedReads \
      -S ../../canu.seqStore \
      -c ./canu.2.splitReads.clear \
    > ./canu.loadtrimmedReads.err 2>&1

-- Finished on Fri Apr 17 01:13:30 2020 (like a bat out of hell) with 21085.307 GB free disk space
----------------------------------------
--
-- In sequence store './canu.seqStore':
--   Found 9164 reads.
--   Found 87578731 bases (35.03 times coverage).
--
--   Read length histogram (one '*' equals 14.9 reads):
--     1000   1999   1043 **********************************************************************
--     2000   2999    776 ****************************************************
--     3000   3999    561 *************************************
--     4000   4999    541 ************************************
--     5000   5999    536 ***********************************
--     6000   6999    501 *********************************
--     7000   7999    427 ****************************
--     8000   8999    429 ****************************
--     9000   9999    515 **********************************
--    10000  10999    575 **************************************
--    11000  11999    503 *********************************
--    12000  12999    368 ************************
--    13000  13999    312 ********************
--    14000  14999    277 ******************
--    15000  15999    251 ****************
--    16000  16999    218 **************
--    17000  17999    223 **************
--    18000  18999    158 **********
--    19000  19999    173 ***********
--    20000  20999    108 *******
--    21000  21999    124 ********
--    22000  22999    103 ******
--    23000  23999     96 ******
--    24000  24999     55 ***
--    25000  25999     59 ***
--    26000  26999     35 **
--    27000  27999     30 **
--    28000  28999     27 *
--    29000  29999     23 *
--    30000  30999     16 *
--    31000  31999     17 *
--    32000  32999     17 *
--    33000  33999      6 
--    34000  34999      8 
--    35000  35999     14 
--    36000  36999     17 *
--    37000  37999      5 
--    38000  38999      7 
--    39000  39999      5 
--    40000  40999      2 
--    41000  41999      0 
--    42000  42999      1 
--    43000  43999      2 
--
-- Purging overlaps used for trimming.
-- Finished stage 'obt-dumpReads', reset canuIteration.
----------------------------------------
-- Starting command on Fri Apr 17 01:13:32 2020 with 21085.306 GB free disk space

    cd .
    /sw/bioinfo/canu/1.8/rackham/Linux-amd64/bin/sqStoreDumpFASTQ \
      -trimmed \
      -S ./canu.seqStore \
      -o ./canu.trimmedReads.gz \
      -fasta \
      -nolibname \
    > ./canu.trimmedReads.fasta.err 2>&1

-- Finished on Fri Apr 17 01:13:34 2020 (2 seconds) with 21085.28 GB free disk space
----------------------------------------
--
-- Trimmed reads saved in 'canu.trimmedReads.fasta.gz'.
-- Finished stage 'cor-dumpTrimmedReads', reset canuIteration.
--
--
-- BEGIN ASSEMBLY
--
----------------------------------------
-- Starting command on Fri Apr 17 01:13:34 2020 with 21085.28 GB free disk space

    cd unitigging/0-mercounts
    ./meryl-configure.sh \
    > ./meryl-configure.err 2>&1

-- Finished on Fri Apr 17 01:13:34 2020 (lickety-split) with 21085.279 GB free disk space
----------------------------------------
--  segments   memory batches
--  -------- -------- -------
--        01  0.38 GB       1
--
--  For 9164 reads with 87578731 bases, limit to 1 batch.
--  Will count kmers using 01 jobs, each using 2 GB and 4 threads.
--
-- Finished stage 'merylConfigure', reset canuIteration.
--
-- Running jobs.  First attempt out of 2.
----------------------------------------
-- Starting 'meryl' concurrent execution on Fri Apr 17 01:13:34 2020 with 21085.279 GB free disk space (1 processes; 5 concurrently)

    cd unitigging/0-mercounts
    ./meryl-count.sh 1 > ./meryl-count.000001.out 2>&1

-- Finished on Fri Apr 17 01:13:51 2020 (17 seconds) with 21085.206 GB free disk space
----------------------------------------
-- Found 1 Kmer counting (meryl) outputs.
-- Finished stage 'utg-merylCountCheck', reset canuIteration.
--
-- Running jobs.  First attempt out of 2.
----------------------------------------
-- Starting 'meryl' concurrent execution on Fri Apr 17 01:13:52 2020 with 21085.206 GB free disk space (1 processes; 5 concurrently)

    cd unitigging/0-mercounts
    ./meryl-process.sh 1 > ./meryl-process.000001.out 2>&1

-- Finished on Fri Apr 17 01:14:16 2020 (24 seconds) with 21085.189 GB free disk space
----------------------------------------
--
--  22-mers                                                                                           Fraction
--    Occurrences   NumMers                                                                         Unique Total
--       1-     1         0                                                                        0.0000 0.0000
--       2-     2    679402 ***************************************************                    0.1856 0.0167
--       3-     4    312630 ***********************                                                0.2450 0.0247
--       5-     7     93210 *******                                                                0.2845 0.0325
--       8-    11     34771 **                                                                     0.2995 0.0370
--      12-    16    131441 **********                                                             0.3085 0.0413
--      17-    22    716074 ******************************************************                 0.3612 0.0786
--      23-    29    916961 ********************************************************************** 0.5817 0.2854
--      30-    37    431714 ********************************                                       0.8108 0.5597
--      38-    46    137599 **********                                                             0.9121 0.7131
--      47-    56     78303 *****                                                                  0.9462 0.7783
--      57-    67     33625 **                                                                     0.9662 0.8251
--      68-    79     21595 *                                                                      0.9747 0.8487
--      80-    92     21957 *                                                                      0.9804 0.8680
--      93-   106     19692 *                                                                      0.9865 0.8917
--     107-   121     16199 *                                                                      0.9916 0.9150
--     122-   137     11685                                                                        0.9960 0.9375
--     138-   154      1404                                                                        0.9990 0.9552
--     155-   172        15                                                                        0.9993 0.9572
--     173-   191         0                                                                        0.0000 0.0000
--     192-   211         0                                                                        0.0000 0.0000
--     212-   232         0                                                                        0.0000 0.0000
--     233-   254        30                                                                        0.9993 0.9572
--     255-   277        92                                                                        0.9993 0.9573
--     278-   301        94                                                                        0.9994 0.9577
--     302-   326        47                                                                        0.9994 0.9580
--     327-   352        37                                                                        0.9994 0.9582
--     353-   379        11                                                                        0.9994 0.9583
--     380-   407        18                                                                        0.9994 0.9584
--     408-   436         2                                                                        0.9994 0.9584
--     437-   466         6                                                                        0.9994 0.9585
--     467-   497         1                                                                        0.9994 0.9585
--     498-   529        12                                                                        0.9994 0.9585
--     530-   562         2                                                                        0.9994 0.9586
--     563-   596         7                                                                        0.9994 0.9586
--     597-   631        40                                                                        0.9994 0.9587
--     632-   667        74                                                                        0.9995 0.9590
--     668-   704        89                                                                        0.9995 0.9595
--     705-   742       204                                                                        0.9995 0.9603
--     743-   781       619                                                                        0.9996 0.9622
--     782-   821       891                                                                        0.9997 0.9680
--
--           0 (max occurrences)
--    81299068 (total mers, non-unique)
--     3660692 (distinct mers, non-unique)
--           0 (unique mers)
-- Finished stage 'meryl-process', reset canuIteration.
--
-- OVERLAPPER (normal) (assembly) erate=0.045
--
----------------------------------------
-- Starting command on Fri Apr 17 01:14:16 2020 with 21085.189 GB free disk space

    cd unitigging/1-overlapper
    /sw/bioinfo/canu/1.8/rackham/Linux-amd64/bin/overlapInCorePartition \
     -S  ../../canu.seqStore \
     -hl 80000000 \
     -rl 1000000000 \
     -ol 500 \
     -o  ./canu.partition \
    > ./canu.partition.err 2>&1

-- Finished on Fri Apr 17 01:14:16 2020 (furiously fast) with 21085.189 GB free disk space
----------------------------------------
--
-- Configured 2 overlapInCore jobs.
-- Finished stage 'utg-overlapConfigure', reset canuIteration.
--
-- Running jobs.  First attempt out of 2.
----------------------------------------
-- Starting 'utgovl' concurrent execution on Fri Apr 17 01:14:16 2020 with 21085.189 GB free disk space (2 processes; 4 concurrently)

    cd unitigging/1-overlapper
    ./overlap.sh 1 > ./overlap.000001.out 2>&1
    ./overlap.sh 2 > ./overlap.000002.out 2>&1

-- Finished on Fri Apr 17 02:25:30 2020 (4274 seconds) with 21073.816 GB free disk space
----------------------------------------
-- Found 2 overlapInCore output files.
--
-- overlapInCore compute 'unitigging/1-overlapper':
--   kmer hits
--     with no overlap           222758      111379 +- 100987.576
--     with an overlap           421362      210681 +- 188180.913
--
--   overlaps                    421362      210681 +- 188180.913
--     contained                 168387     84193.5 +- 74170.551
--     dovetail                  252975    126487.5 +- 114010.361
--
--   overlaps rejected
--     multiple per pair              0           0 +- 0
--     bad short window               0           0 +- 0
--     bad long window                0           0 +- 0
-- Finished stage 'utg-overlapCheck', reset canuIteration.
----------------------------------------
-- Starting command on Fri Apr 17 02:25:31 2020 with 21073.816 GB free disk space

    cd unitigging
    /sw/bioinfo/canu/1.8/rackham/Linux-amd64/bin/ovStoreConfig \
     -S ../canu.seqStore \
     -M 1 \
     -L ./1-overlapper/ovljob.files \
     -create ./canu.ovlStore.config \
     > ./canu.ovlStore.config.txt \
    2> ./canu.ovlStore.config.err

-- Finished on Fri Apr 17 02:25:31 2020 (furiously fast) with 21073.815 GB free disk space
----------------------------------------
--
-- Creating overlap store unitigging/canu.ovlStore using:
--      2 buckets
--      2 slices
--        using at most 1 GB memory each
-- Finished stage 'utg-overlapStoreConfigure', reset canuIteration.
--
-- Running jobs.  First attempt out of 2.
----------------------------------------
-- Starting 'ovB' concurrent execution on Fri Apr 17 02:25:31 2020 with 21073.815 GB free disk space (2 processes; 20 concurrently)

    cd unitigging/canu.ovlStore.BUILDING
    ./scripts/1-bucketize.sh 1 > ./logs/1-bucketize.000001.out 2>&1
    ./scripts/1-bucketize.sh 2 > ./logs/1-bucketize.000002.out 2>&1

-- Finished on Fri Apr 17 02:25:31 2020 (like a bat out of hell) with 21073.802 GB free disk space
----------------------------------------
-- Overlap store bucketizer finished.
-- Finished stage 'utg-overlapStoreBucketizerCheck', reset canuIteration.
--
-- Running jobs.  First attempt out of 2.
----------------------------------------
-- Starting 'ovS' concurrent execution on Fri Apr 17 02:25:31 2020 with 21073.801 GB free disk space (2 processes; 15 concurrently)

    cd unitigging/canu.ovlStore.BUILDING
    ./scripts/2-sort.sh 1 > ./logs/2-sort.000001.out 2>&1
    ./scripts/2-sort.sh 2 > ./logs/2-sort.000002.out 2>&1

-- Finished on Fri Apr 17 02:25:33 2020 (2 seconds) with 21073.762 GB free disk space
----------------------------------------
-- Overlap store sorter finished.
-- Finished stage 'utg-overlapStoreSorterCheck', reset canuIteration.
----------------------------------------
-- Starting command on Fri Apr 17 02:25:33 2020 with 21073.762 GB free disk space

    cd unitigging
    /sw/bioinfo/canu/1.8/rackham/Linux-amd64/bin/ovStoreIndexer \
      -O  ./canu.ovlStore.BUILDING \
      -S ../canu.seqStore \
      -C  ./canu.ovlStore.config \
      -delete \
    > ./canu.ovlStore.BUILDING.index.err 2>&1

-- Finished on Fri Apr 17 02:25:33 2020 (fast as lightning) with 21073.744 GB free disk space
----------------------------------------
-- Checking store.
----------------------------------------
-- Starting command on Fri Apr 17 02:25:33 2020 with 21073.744 GB free disk space

    cd unitigging
    /sw/bioinfo/canu/1.8/rackham/Linux-amd64/bin/ovStoreDump \
     -S ../canu.seqStore \
     -O  ./canu.ovlStore \
     -counts \
     > ./canu.ovlStore/counts.dat 2> ./canu.ovlStore/counts.err

-- Finished on Fri Apr 17 02:25:33 2020 (like a bat out of hell) with 21073.742 GB free disk space
----------------------------------------
--
-- Overlap store 'unitigging/canu.ovlStore' successfully constructed.
-- Found 842724 overlaps for 9164 reads; 206112 reads have no overlaps.
--
--
-- Purged 0.009 GB in 6 overlap output files.
----------------------------------------
-- Starting command on Fri Apr 17 02:25:33 2020 with 21073.742 GB free disk space

    cd unitigging
    /sw/bioinfo/canu/1.8/rackham/Linux-amd64/bin/ovStoreStats \
     -C 35 \
     -S ../canu.seqStore \
     -O  ./canu.ovlStore \
     -o  ./canu.ovlStore \
     > ./canu.ovlStore.summary.err 2>&1

-- Finished on Fri Apr 17 02:25:35 2020 (2 seconds) with 21073.742 GB free disk space
----------------------------------------
--
-- Overlap store 'unitigging/canu.ovlStore' contains:
--
--   category            reads     %          read length        feature size or coverage  analysis
--   ----------------  -------  -------  ----------------------  ------------------------  --------------------
--   middle-missing         81    0.88    21790.26 +- 7529.32        593.32 +- 2097.28    (bad trimming)
--   middle-hump             0    0.00        0.00 +- 0.00             0.00 +- 0.00       (bad trimming)
--   no-5-prime              2    0.02     2220.50 +- 770.04          53.50 +- 51.62      (bad trimming)
--   no-3-prime              1    0.01    38407.00 +- 0.00         11211.00 +- 0.00       (bad trimming)
--   
--   low-coverage           14    0.15     1517.43 +- 646.21           6.49 +- 3.16       (easy to assemble, potential for lower quality consensus)
--   unique               6002   65.50     9573.70 +- 6596.41         28.04 +- 7.85       (easy to assemble, perfect, yay)
--   repeat-cont          1141   12.45     4945.62 +- 3789.71        135.31 +- 60.58      (potential for consensus errors, no impact on assembly)
--   repeat-dove             1    0.01    18769.00 +- 0.00           112.89 +- 26.86      (hard to assemble, likely won't assemble correctly or even at all)
--   
--   span-repeat           752    8.21    13255.11 +- 7977.59       4770.08 +- 4727.40    (read spans a large repeat, usually easy to assemble)
--   uniq-repeat-cont     1053   11.49    10032.41 +- 6421.35                             (should be uniquely placed, low potential for consensus errors, no impact on assembly)
--   uniq-repeat-dove      104    1.13    18556.03 +- 11332.22                            (will end contigs, potential to misassemble)
--   uniq-anchor            13    0.14    12675.08 +- 8890.34       5340.08 +- 7607.86    (repeat read, with unique section, probable bad read)
-- Finished stage 'utg-createOverlapStore', reset canuIteration.
--
-- Loading read lengths.
-- Loading number of overlaps per read.
--
-- Configure RED for 8gb memory.
--                   Batches of at most (unlimited) reads.
--                                      500000000 bases.
--                   Expecting evidence of at most 536870912 bases per iteration.
--
--           Total                                               Reads                 Olaps Evidence
--    Job   Memory      Read Range         Reads        Bases   Memory        Olaps   Memory   Memory  (Memory in MB)
--   ---- -------- ------------------- --------- ------------ -------- ------------ -------- --------
--      1  4084.19         1-215276         9164     87578731  1002.55       842724     9.64  1024.00
--   ---- -------- ------------------- --------- ------------ -------- ------------ -------- --------
--                                                   87578731                842724
-- Finished stage 'readErrorDetectionConfigure', reset canuIteration.
--
-- Running jobs.  First attempt out of 2.
----------------------------------------
-- Starting 'red' concurrent execution on Fri Apr 17 02:25:37 2020 with 21073.742 GB free disk space (1 processes; 5 concurrently)

    cd unitigging/3-overlapErrorAdjustment
    ./red.sh 1 > ./red.000001.out 2>&1

-- Finished on Fri Apr 17 02:26:29 2020 (52 seconds) with 21073.777 GB free disk space
----------------------------------------
-- Found 1 read error detection output files.
-- Finished stage 'readErrorDetectionCheck', reset canuIteration.
--
-- Loading read lengths.
-- Loading number of overlaps per read.
--
-- Configure OEA for 4gb memory.
--                   Batches of at most (unlimited) reads.
--                                      300000000 bases.
--
--           Total                                               Reads                 Olaps  Adjusts
--    Job   Memory      Read Range         Reads        Bases   Memory        Olaps   Memory   Memory  (Memory in MB)
--   ---- -------- ------------------- --------- ------------ -------- ------------ -------- --------
--      1  2493.34         1-215276         9164     87578731    91.80       842724    25.72   327.82
--   ---- -------- ------------------- --------- ------------ -------- ------------ -------- --------
--                                                   87578731                842724
-- Finished stage 'overlapErrorAdjustmentConfigure', reset canuIteration.
--
-- Running jobs.  First attempt out of 2.
----------------------------------------
-- Starting 'oea' concurrent execution on Fri Apr 17 02:26:32 2020 with 21073.774 GB free disk space (1 processes; 20 concurrently)

    cd unitigging/3-overlapErrorAdjustment
    ./oea.sh 1 > ./oea.000001.out 2>&1

-- Finished on Fri Apr 17 02:27:33 2020 (61 seconds) with 21073.768 GB free disk space
----------------------------------------
-- Found 1 overlap error adjustment output files.
-- Finished stage 'overlapErrorAdjustmentCheck', reset canuIteration.
----------------------------------------
-- Starting command on Fri Apr 17 02:27:34 2020 with 21073.768 GB free disk space

    cd unitigging/3-overlapErrorAdjustment
    /sw/bioinfo/canu/1.8/rackham/Linux-amd64/bin/loadErates \
      -S ../../canu.seqStore \
      -O ../canu.ovlStore \
      -L ./oea.files \
    > ./oea.apply.err 2>&1

-- Finished on Fri Apr 17 02:27:34 2020 (like a bat out of hell) with 21073.767 GB free disk space
----------------------------------------
-- No report available.
-- Finished stage 'updateOverlapStore', reset canuIteration.
-- Finished stage 'unitig', reset canuIteration.
--
-- Running jobs.  First attempt out of 2.
----------------------------------------
-- Starting 'bat' concurrent execution on Fri Apr 17 02:27:34 2020 with 21073.767 GB free disk space (1 processes; 1 concurrently)

    cd unitigging/4-unitigger
    ./unitigger.sh 1 > ./unitigger.000001.out 2>&1

-- Finished on Fri Apr 17 02:27:39 2020 (5 seconds) with 21073.758 GB free disk space
----------------------------------------
-- Unitigger finished successfully.
-- Found, in version 1, after unitig construction:
--   contigs:      7 sequences, total length 2680312 bp (including 0 repeats of total length 0 bp).
--   bubbles:      0 sequences, total length 0 bp.
--   unassembled:  3969 sequences, total length 24518358 bp.
--
-- Contig sizes based on genome size 2.5mbp:
--
--            NG (bp)  LG (contigs)    sum (bp)
--         ----------  ------------  ----------
--     10     2566323             1     2566323
--     20     2566323             1     2566323
--     30     2566323             1     2566323
--     40     2566323             1     2566323
--     50     2566323             1     2566323
--     60     2566323             1     2566323
--     70     2566323             1     2566323
--     80     2566323             1     2566323
--     90     2566323             1     2566323
--    100     2566323             1     2566323
--
-- Finished stage 'unitigCheck', reset canuIteration.
----------------------------------------
-- Starting command on Fri Apr 17 02:27:39 2020 with 21073.758 GB free disk space

    cd unitigging
    /sw/bioinfo/canu/1.8/rackham/Linux-amd64/bin/sqStoreCreatePartition \
      -S ../canu.seqStore \
      -T  ./canu.ctgStore 1 \
      -b 15000 \
      -p 8 \
    > ./canu.ctgStore/partitionedReads.log 2>&1

-- Finished on Fri Apr 17 02:27:40 2020 (one second) with 21073.683 GB free disk space
----------------------------------------
----------------------------------------
-- Starting command on Fri Apr 17 02:27:40 2020 with 21073.683 GB free disk space

    cd unitigging
    /sw/bioinfo/canu/1.8/rackham/Linux-amd64/bin/sqStoreCreatePartition \
      -S ../canu.seqStore \
      -T  ./canu.utgStore 1 \
      -b 15000 \
      -p 8 \
    > ./canu.utgStore/partitionedReads.log 2>&1

-- Finished on Fri Apr 17 02:27:40 2020 (lickety-split) with 21073.628 GB free disk space
----------------------------------------
-- Using slow alignment for consensus (iteration '0').
-- Configured 1 contig and 1 unitig consensus jobs.
-- Finished stage 'consensusConfigure', reset canuIteration.
--
--                            (tag)Concurrency
--                     (tag)Threads          |
--            (tag)Memory         |          |
--        (tag)         |         |          |     total usage     algorithm
--        -------  ------  --------   --------  -----------------  -----------------------------
-- Local: cns        4 GB    4 CPUs x   5 jobs    20 GB   20 CPUs  (consensus)
--
--
-- Running jobs.  First attempt out of 2.
----------------------------------------
-- Starting 'cns' concurrent execution on Fri Apr 17 02:27:41 2020 with 21073.628 GB free disk space (2 processes; 5 concurrently)

    cd unitigging/5-consensus
    ./consensus.sh 1 > ./consensus.000001.out 2>&1
    ./consensus.sh 2 > ./consensus.000002.out 2>&1

-- Finished on Fri Apr 17 02:29:52 2020 (131 seconds) with 21073.576 GB free disk space
----------------------------------------
-- Using slow alignment for consensus (iteration '1').
-- Configured 1 contig and 1 unitig consensus jobs.
-- All 2 consensus jobs finished successfully.
-- Finished stage 'consensusCheck', reset canuIteration.
-- Using slow alignment for consensus (iteration '0').
-- Configured 1 contig and 1 unitig consensus jobs.
----------------------------------------
-- Starting command on Fri Apr 17 02:29:53 2020 with 21073.575 GB free disk space

    cd unitigging
    /sw/bioinfo/canu/1.8/rackham/Linux-amd64/bin/tgStoreLoad \
      -S ../canu.seqStore \
      -T  ./canu.ctgStore 2 \
      -L ./5-consensus/ctgcns.files \
    > ./5-consensus/ctgcns.files.ctgStoreLoad.err 2>&1

-- Finished on Fri Apr 17 02:29:54 2020 (one second) with 21073.524 GB free disk space
----------------------------------------
----------------------------------------
-- Starting command on Fri Apr 17 02:29:54 2020 with 21073.524 GB free disk space

    cd unitigging
    /sw/bioinfo/canu/1.8/rackham/Linux-amd64/bin/tgStoreLoad \
      -S ../canu.seqStore \
      -T  ./canu.utgStore 2 \
      -L ./5-consensus/utgcns.files \
    > ./5-consensus/utgcns.files.utgStoreLoad.err 2>&1

-- Finished on Fri Apr 17 02:29:54 2020 (furiously fast) with 21073.518 GB free disk space
----------------------------------------
-- Purging consensus output after loading to ctgStore and/or utgStore.
-- Purged 2 .cns outputs.
----------------------------------------
-- Starting command on Fri Apr 17 02:29:54 2020 with 21073.518 GB free disk space

    cd unitigging
    /sw/bioinfo/canu/1.8/rackham/Linux-amd64/bin/tgStoreDump \
      -S ../canu.seqStore \
      -T ./canu.ctgStore 2 \
      -sizes -s 2500000 \
    > ./canu.ctgStore/seqDB.v002.sizes.txt

-- Finished on Fri Apr 17 02:29:54 2020 (furiously fast) with 21073.518 GB free disk space
----------------------------------------
-- Found, in version 2, after consensus generation:
--   contigs:      7 sequences, total length 2676056 bp (including 0 repeats of total length 0 bp).
--   bubbles:      0 sequences, total length 0 bp.
--   unassembled:  3969 sequences, total length 24518358 bp.
--
-- Contig sizes based on genome size 2.5mbp:
--
--            NG (bp)  LG (contigs)    sum (bp)
--         ----------  ------------  ----------
--     10     2567031             1     2567031
--     20     2567031             1     2567031
--     30     2567031             1     2567031
--     40     2567031             1     2567031
--     50     2567031             1     2567031
--     60     2567031             1     2567031
--     70     2567031             1     2567031
--     80     2567031             1     2567031
--     90     2567031             1     2567031
--    100     2567031             1     2567031
--
-- Finished stage 'consensusLoad', reset canuIteration.
----------------------------------------
-- Starting command on Fri Apr 17 02:29:54 2020 with 21073.518 GB free disk space

    cd unitigging
    /sw/bioinfo/canu/1.8/rackham/Linux-amd64/bin/tgStoreCoverageStat \
      -S ../canu.seqStore \
      -T  ./canu.ctgStore 2 \
      -s 2500000 \
      -o ./canu.ctgStore.coverageStat \
    > ./canu.ctgStore.coverageStat.err 2>&1

-- Finished on Fri Apr 17 02:29:54 2020 (fast as lightning) with 21073.517 GB free disk space
----------------------------------------
-- Finished stage 'consensusAnalyze', reset canuIteration.
----------------------------------------
-- Starting command on Fri Apr 17 02:29:54 2020 with 21073.517 GB free disk space

    cd unitigging/4-unitigger
    ./alignGFA.sh \
    > alignGFA.err 2>&1

-- Finished on Fri Apr 17 02:29:57 2020 (3 seconds) with 21073.517 GB free disk space
----------------------------------------
----------------------------------------
-- Starting command on Fri Apr 17 02:29:57 2020 with 21073.517 GB free disk space

    cd .
    /sw/bioinfo/canu/1.8/rackham/Linux-amd64/bin/tgStoreDump \
      -S ./canu.seqStore \
      -T ./unitigging/canu.ctgStore 2 \
      -o ./canu.contigs \
      -layout \
    > ./canu.contigs.layout.err 2>&1

-- Finished on Fri Apr 17 02:29:57 2020 (in the blink of an eye) with 21073.464 GB free disk space
----------------------------------------
----------------------------------------
-- Starting command on Fri Apr 17 02:29:58 2020 with 21073.464 GB free disk space

    cd .
    /sw/bioinfo/canu/1.8/rackham/Linux-amd64/bin/tgStoreDump \
      -S ./canu.seqStore \
      -T ./unitigging/canu.utgStore 2 \
      -o ./canu.unitigs \
      -layout \
    > ./canu.unitigs.layout.err 2>&1

-- Finished on Fri Apr 17 02:29:58 2020 (one second) with 21073.459 GB free disk space
----------------------------------------
----------------------------------------
-- Starting command on Fri Apr 17 02:29:58 2020 with 21073.459 GB free disk space

    cd .
    /sw/bioinfo/canu/1.8/rackham/Linux-amd64/bin/tgStoreDump \
      -S ./canu.seqStore \
      -T ./unitigging/canu.ctgStore 2 \
      -consensus -fasta \
      -unassembled \
    > ./canu.unassembled.fasta
    2> ./canu.unassembled.err

-- Finished on Fri Apr 17 02:29:58 2020 (lickety-split) with 21073.435 GB free disk space
----------------------------------------
----------------------------------------
-- Starting command on Fri Apr 17 02:29:58 2020 with 21073.435 GB free disk space

    cd .
    /sw/bioinfo/canu/1.8/rackham/Linux-amd64/bin/tgStoreDump \
      -S ./canu.seqStore \
      -T ./unitigging/canu.ctgStore 2 \
      -consensus -fasta \
      -contigs \
    > ./canu.contigs.fasta
    2> ./canu.contigs.err

-- Finished on Fri Apr 17 02:29:58 2020 (furiously fast) with 21073.432 GB free disk space
----------------------------------------
----------------------------------------
-- Starting command on Fri Apr 17 02:29:59 2020 with 21073.432 GB free disk space

    cd .
    /sw/bioinfo/canu/1.8/rackham/Linux-amd64/bin/tgStoreDump \
      -S ./canu.seqStore \
      -T ./unitigging/canu.utgStore 2 \
      -consensus -fasta \
      -contigs \
    > ./canu.unitigs.fasta
    2> ./canu.unitigs.err

-- Finished on Fri Apr 17 02:29:59 2020 (one second) with 21073.43 GB free disk space
----------------------------------------
-- Finished stage 'generateOutputs', reset canuIteration.
--
-- Assembly 'canu' finished in '/domus/h1/cabau/GA_project/analyses/01_assembly/01_canu_2'.
--
-- Summary saved in 'canu.report'.
--
-- Sequences saved:
--   Contigs       -> 'canu.contigs.fasta'
--   Unassembled   -> 'canu.unassembled.fasta'
--   Unitigs       -> 'canu.unitigs.fasta'
--
-- Read layouts saved:
--   Contigs       -> 'canu.contigs.layout'.
--   Unitigs       -> 'canu.unitigs.layout'.
--
-- Graphs saved:
--   Contigs       -> 'canu.contigs.gfa'.
--   Unitigs       -> 'canu.unitigs.gfa'.
--
-- Bye.
