canu/1.8 has the useGrid option default set to useGrid=false. This can be overriden by another configuration file or a command-line option.
-- Canu 1.8
--
-- CITATIONS
--
-- Koren S, Walenz BP, Berlin K, Miller JR, Phillippy AM.
-- Canu: scalable and accurate long-read assembly via adaptive k-mer weighting and repeat separation.
-- Genome Res. 2017 May;27(5):722-736.
-- http://doi.org/10.1101/gr.215087.116
-- 
-- Koren S, Rhie A, Walenz BP, Dilthey AT, Bickhart DM, Kingan SB, Hiendleder S, Williams JL, Smith TPL, Phillippy AM.
-- De novo assembly of haplotype-resolved genomes with trio binning.
-- Nat Biotechnol. 2018
-- https//doi.org/10.1038/nbt.4277
-- 
-- Read and contig alignments during correction, consensus and GFA building use:
--   Šošic M, Šikic M.
--   Edlib: a C/C ++ library for fast, exact sequence alignment using edit distance.
--   Bioinformatics. 2017 May 1;33(9):1394-1395.
--   http://doi.org/10.1093/bioinformatics/btw753
-- 
-- Overlaps are generated using:
--   Berlin K, et al.
--   Assembling large genomes with single-molecule sequencing and locality-sensitive hashing.
--   Nat Biotechnol. 2015 Jun;33(6):623-30.
--   http://doi.org/10.1038/nbt.3238
-- 
--   Myers EW, et al.
--   A Whole-Genome Assembly of Drosophila.
--   Science. 2000 Mar 24;287(5461):2196-204.
--   http://doi.org/10.1126/science.287.5461.2196
-- 
-- Corrected read consensus sequences are generated using an algorithm derived from FALCON-sense:
--   Chin CS, et al.
--   Phased diploid genome assembly with single-molecule real-time sequencing.
--   Nat Methods. 2016 Dec;13(12):1050-1054.
--   http://doi.org/10.1038/nmeth.4035
-- 
-- Contig consensus sequences are generated using an algorithm derived from pbdagcon:
--   Chin CS, et al.
--   Nonhybrid, finished microbial genome assemblies from long-read SMRT sequencing data.
--   Nat Methods. 2013 Jun;10(6):563-9
--   http://doi.org/10.1038/nmeth.2474
-- 
-- CONFIGURE CANU
--
-- Detected Java(TM) Runtime Environment '1.8.0_151' (from '/sw/comp/java/x86_64/sun_jdk1.8.0_151/bin/java') with -d64 support.
-- Detected gnuplot version '4.6 patchlevel 2   ' (from 'gnuplot') and image format 'png'.
-- Detected 20 CPUs and 125 gigabytes of memory.
-- Detected Slurm with 'sinfo' binary in /usr/bin/sinfo.
-- Grid engine disabled per useGrid=false option.
--
--                            (tag)Concurrency
--                     (tag)Threads          |
--            (tag)Memory         |          |
--        (tag)         |         |          |     total usage     algorithm
--        -------  ------  --------   --------  -----------------  -----------------------------
-- Local: meryl     12 GB    4 CPUs x   5 jobs    60 GB   20 CPUs  (k-mer counting)
-- Local: hap        8 GB    4 CPUs x   5 jobs    40 GB   20 CPUs  (read-to-haplotype assignment)
-- Local: cormhap    6 GB   10 CPUs x   2 jobs    12 GB   20 CPUs  (overlap detection with mhap)
-- Local: obtovl     4 GB    5 CPUs x   4 jobs    16 GB   20 CPUs  (overlap detection)
-- Local: utgovl     4 GB    5 CPUs x   4 jobs    16 GB   20 CPUs  (overlap detection)
-- Local: ovb        4 GB    1 CPU  x  20 jobs    80 GB   20 CPUs  (overlap store bucketizer)
-- Local: ovs        8 GB    1 CPU  x  15 jobs   120 GB   15 CPUs  (overlap store sorting)
-- Local: red        8 GB    4 CPUs x   5 jobs    40 GB   20 CPUs  (read error detection)
-- Local: oea        4 GB    1 CPU  x  20 jobs    80 GB   20 CPUs  (overlap error adjustment)
-- Local: bat       16 GB    4 CPUs x   1 job     16 GB    4 CPUs  (contig construction with bogart)
-- Local: gfa        8 GB    4 CPUs x   1 job      8 GB    4 CPUs  (GFA alignment and processing)
--
-- Found PacBio uncorrected reads in the input files.
--
-- Generating assembly 'canu' in '/domus/h1/cabau/GA_project/analyses/01_assembly'
--
-- Parameters:
--
--  genomeSize        2600000
--
--  Overlap Generation Limits:
--    corOvlErrorRate 0.2400 ( 24.00%)
--    obtOvlErrorRate 0.0450 (  4.50%)
--    utgOvlErrorRate 0.0450 (  4.50%)
--
--  Overlap Processing Limits:
--    corErrorRate    0.3000 ( 30.00%)
--    obtErrorRate    0.0450 (  4.50%)
--    utgErrorRate    0.0450 (  4.50%)
--    cnsErrorRate    0.0750 (  7.50%)
--
--
-- BEGIN CORRECTION
--
----------------------------------------
-- Starting command on Sun Apr 12 09:20:30 2020 with 21879.369 GB free disk space

    cd .
    /sw/bioinfo/canu/1.8/rackham/Linux-amd64/bin/sqStoreCreate \
      -o ./canu.seqStore.BUILDING \
      -minlength 1000 \
      ./canu.seqStore.ssi \
    > ./canu.seqStore.BUILDING.err 2>&1

-- Finished on Sun Apr 12 09:22:04 2020 (94 seconds) with 21878.352 GB free disk space
----------------------------------------
--
-- WARNING:  Potential problems with your input reads were detected.
-- WARNING:
-- WARNING:  Please review the logging in files:
-- WARNING:    /domus/h1/cabau/GA_project/analyses/01_assembly/canu.seqStore.BUILDING.err
-- WARNING:    /domus/h1/cabau/GA_project/analyses/01_assembly/canu.seqStore.BUILDING/errorLog
-- 
-- Proceeding with assembly because stopOnReadQuality=false.
--
-- In sequence store './canu.seqStore':
--   Found 215276 reads.
--   Found 2998404754 bases (1153.23 times coverage).
--
--   Read length histogram (one '*' equals 291.05 reads):
--     1000   1999  20374 **********************************************************************
--     2000   2999  13389 **********************************************
--     3000   3999  10440 ***********************************
--     4000   4999   9065 *******************************
--     5000   5999   8459 *****************************
--     6000   6999   8322 ****************************
--     7000   7999   8007 ***************************
--     8000   8999   7849 **************************
--     9000   9999   8363 ****************************
--    10000  10999   8919 ******************************
--    11000  11999   9049 *******************************
--    12000  12999   8350 ****************************
--    13000  13999   7695 **************************
--    14000  14999   7066 ************************
--    15000  15999   6436 **********************
--    16000  16999   5827 ********************
--    17000  17999   5370 ******************
--    18000  18999   5004 *****************
--    19000  19999   4571 ***************
--    20000  20999   4235 **************
--    21000  21999   3998 *************
--    22000  22999   3583 ************
--    23000  23999   3272 ***********
--    24000  24999   2991 **********
--    25000  25999   2795 *********
--    26000  26999   2685 *********
--    27000  27999   2354 ********
--    28000  28999   2215 *******
--    29000  29999   2139 *******
--    30000  30999   2052 *******
--    31000  31999   2003 ******
--    32000  32999   1840 ******
--    33000  33999   1881 ******
--    34000  34999   1915 ******
--    35000  35999   1732 *****
--    36000  36999   1703 *****
--    37000  37999   1496 *****
--    38000  38999   1341 ****
--    39000  39999   1022 ***
--    40000  40999    875 ***
--    41000  41999    715 **
--    42000  42999    583 **
--    43000  43999    529 *
--    44000  44999    447 *
--    45000  45999    385 *
--    46000  46999    346 *
--    47000  47999    267 
--    48000  48999    225 
--    49000  49999    175 
--    50000  50999    149 
--    51000  51999    129 
--    52000  52999    107 
--    53000  53999     73 
--    54000  54999     86 
--    55000  55999     65 
--    56000  56999     55 
--    57000  57999     54 
--    58000  58999     33 
--    59000  59999     35 
--    60000  60999     28 
--    61000  61999     30 
--    62000  62999     15 
--    63000  63999     16 
--    64000  64999      8 
--    65000  65999      6 
--    66000  66999      3 
--    67000  67999      6 
--    68000  68999      7 
--    69000  69999      6 
--    70000  70999      1 
--    71000  71999      2 
--    72000  72999      2 
--    73000  73999      2 
--    74000  74999      0 
--    75000  75999      0 
--    76000  76999      0 
--    77000  77999      0 
--    78000  78999      1 
--    79000  79999      0 
--    80000  80999      1 
--    81000  81999      0 
--    82000  82999      0 
--    83000  83999      0 
--    84000  84999      0 
--    85000  85999      0 
--    86000  86999      0 
--    87000  87999      0 
--    88000  88999      0 
--    89000  89999      0 
--    90000  90999      0 
--    91000  91999      1 
--    92000  92999      0 
--    93000  93999      0 
--    94000  94999      0 
--    95000  95999      0 
--    96000  96999      1 
----------------------------------------
-- Starting command on Sun Apr 12 09:22:07 2020 with 21878.35 GB free disk space

    cd correction/0-mercounts
    ./meryl-configure.sh \
    > ./meryl-configure.err 2>&1

-- Finished on Sun Apr 12 09:22:08 2020 (one second) with 21878.35 GB free disk space
----------------------------------------
--  segments   memory batches
--  -------- -------- -------
--        01  6.00 GB       1
--        02  3.50 GB       1
--        04  1.94 GB       1
--        06  1.31 GB       1
--        08  1.00 GB       1
--        12  0.69 GB       1
--        16  0.50 GB       1
--        20  0.44 GB       1
--        24  0.38 GB       1
--
--  For 215276 reads with 2998404754 bases, limit to 29 batches.
--  Will count kmers using 01 jobs, each using 8 GB and 4 threads.
--
-- Finished stage 'merylConfigure', reset canuIteration.
--
-- Running jobs.  First attempt out of 2.
----------------------------------------
-- Starting 'meryl' concurrent execution on Sun Apr 12 09:22:08 2020 with 21878.35 GB free disk space (1 processes; 5 concurrently)

    cd correction/0-mercounts
    ./meryl-count.sh 1 > ./meryl-count.000001.out 2>&1

-- Finished on Sun Apr 12 09:35:18 2020 (790 seconds) with 21872.995 GB free disk space
----------------------------------------
-- Found 1 Kmer counting (meryl) outputs.
-- Finished stage 'cor-merylCountCheck', reset canuIteration.
--
-- Running jobs.  First attempt out of 2.
----------------------------------------
-- Starting 'meryl' concurrent execution on Sun Apr 12 09:35:18 2020 with 21872.995 GB free disk space (1 processes; 5 concurrently)

    cd correction/0-mercounts
    ./meryl-process.sh 1 > ./meryl-process.000001.out 2>&1

-- Finished on Sun Apr 12 09:38:16 2020 (178 seconds) with 21870.462 GB free disk space
----------------------------------------
--
--  16-mers                                                                                           Fraction
--    Occurrences   NumMers                                                                         Unique Total
--       1-     1         0                                                                        0.0000 0.0000
--       2-     2 261765837 ********************************************************************** 0.4883 0.2178
--       3-     4 171949032 *********************************************                          0.7049 0.3627
--       5-     7  58297114 ***************                                                        0.8643 0.5172
--       8-    11  21542166 *****                                                                  0.9323 0.6194
--      12-    16  10107970 **                                                                     0.9632 0.6898
--      17-    22   5024397 *                                                                      0.9789 0.7412
--      23-    29   2506072                                                                        0.9871 0.7777
--      30-    37   1210178                                                                        0.9912 0.8021
--      38-    46    587977                                                                        0.9932 0.8175
--      47-    56    273187                                                                        0.9942 0.8269
--      57-    67    124652                                                                        0.9947 0.8323
--      68-    79     64585                                                                        0.9949 0.8353
--      80-    92     63335                                                                        0.9950 0.8372
--      93-   106    158318                                                                        0.9951 0.8396
--     107-   121    428480                                                                        0.9955 0.8468
--     122-   137    719720                                                                        0.9963 0.8684
--     138-   154    686290                                                                        0.9977 0.9080
--     155-   172    377245                                                                        0.9989 0.9487
--     173-   191    135417                                                                        0.9996 0.9731
--     192-   211     41857                                                                        0.9998 0.9827
--     212-   232     17081                                                                        0.9999 0.9860
--     233-   254     11521                                                                        0.9999 0.9875
--     255-   277      9329                                                                        0.9999 0.9886
--     278-   301      6609                                                                        1.0000 0.9897
--     302-   326      4168                                                                        1.0000 0.9904
--     327-   352      2459                                                                        1.0000 0.9910
--     353-   379      1585                                                                        1.0000 0.9913
--     380-   407      1277                                                                        1.0000 0.9915
--     408-   436       937                                                                        1.0000 0.9917
--     437-   466       677                                                                        1.0000 0.9919
--     467-   497       506                                                                        1.0000 0.9920
--     498-   529       445                                                                        1.0000 0.9921
--     530-   562       484                                                                        1.0000 0.9922
--     563-   596       576                                                                        1.0000 0.9923
--     597-   631       619                                                                        1.0000 0.9925
--     632-   667       706                                                                        1.0000 0.9926
--     668-   704       567                                                                        1.0000 0.9928
--     705-   742       485                                                                        1.0000 0.9930
--     743-   781       394                                                                        1.0000 0.9931
--     782-   821       296                                                                        1.0000 0.9933
--
--           0 (max occurrences)
--  2403990516 (total mers, non-unique)
--   536128161 (distinct mers, non-unique)
--           0 (unique mers)
-- Finished stage 'meryl-process', reset canuIteration.
--
-- OVERLAPPER (mhap) (correction)
--
-- Set corMhapSensitivity=low based on read coverage of 1153.
--
-- PARAMETERS: hashes=256, minMatches=3, threshold=0.8
--
-- Given 5.4 GB, can fit 16200 reads per block.
-- For 15 blocks, set stride to 2 blocks.
-- Logging partitioning to 'correction/1-overlapper/partitioning.log'.
-- Configured 14 mhap precompute jobs.
-- Configured 50 mhap overlap jobs.
-- Finished stage 'cor-mhapConfigure', reset canuIteration.
--
-- Running jobs.  First attempt out of 2.
----------------------------------------
-- Starting 'cormhap' concurrent execution on Sun Apr 12 09:38:17 2020 with 21870.461 GB free disk space (14 processes; 2 concurrently)

    cd correction/1-overlapper
    ./precompute.sh 1 > ./precompute.000001.out 2>&1
    ./precompute.sh 2 > ./precompute.000002.out 2>&1
    ./precompute.sh 3 > ./precompute.000003.out 2>&1
    ./precompute.sh 4 > ./precompute.000004.out 2>&1
    ./precompute.sh 5 > ./precompute.000005.out 2>&1
    ./precompute.sh 6 > ./precompute.000006.out 2>&1
    ./precompute.sh 7 > ./precompute.000007.out 2>&1
    ./precompute.sh 8 > ./precompute.000008.out 2>&1
    ./precompute.sh 9 > ./precompute.000009.out 2>&1
    ./precompute.sh 10 > ./precompute.000010.out 2>&1
    ./precompute.sh 11 > ./precompute.000011.out 2>&1
    ./precompute.sh 12 > ./precompute.000012.out 2>&1
    ./precompute.sh 13 > ./precompute.000013.out 2>&1
    ./precompute.sh 14 > ./precompute.000014.out 2>&1

-- Finished on Sun Apr 12 15:58:26 2020 (22809 seconds) with 21924.586 GB free disk space
----------------------------------------
-- All 14 mhap precompute jobs finished successfully.
-- Finished stage 'cor-mhapPrecomputeCheck', reset canuIteration.
--
-- Running jobs.  First attempt out of 2.
----------------------------------------
-- Starting 'cormhap' concurrent execution on Sun Apr 12 15:58:26 2020 with 21924.586 GB free disk space (50 processes; 2 concurrently)

    cd correction/1-overlapper
    ./mhap.sh 1 > ./mhap.000001.out 2>&1
    ./mhap.sh 2 > ./mhap.000002.out 2>&1
    ./mhap.sh 3 > ./mhap.000003.out 2>&1
    ./mhap.sh 4 > ./mhap.000004.out 2>&1
    ./mhap.sh 5 > ./mhap.000005.out 2>&1
    ./mhap.sh 6 > ./mhap.000006.out 2>&1
    ./mhap.sh 7 > ./mhap.000007.out 2>&1
    ./mhap.sh 8 > ./mhap.000008.out 2>&1
    ./mhap.sh 9 > ./mhap.000009.out 2>&1
    ./mhap.sh 10 > ./mhap.000010.out 2>&1
    ./mhap.sh 11 > ./mhap.000011.out 2>&1
    ./mhap.sh 12 > ./mhap.000012.out 2>&1
    ./mhap.sh 13 > ./mhap.000013.out 2>&1
    ./mhap.sh 14 > ./mhap.000014.out 2>&1
    ./mhap.sh 15 > ./mhap.000015.out 2>&1
    ./mhap.sh 16 > ./mhap.000016.out 2>&1
    ./mhap.sh 17 > ./mhap.000017.out 2>&1
    ./mhap.sh 18 > ./mhap.000018.out 2>&1
    ./mhap.sh 19 > ./mhap.000019.out 2>&1
    ./mhap.sh 20 > ./mhap.000020.out 2>&1
    ./mhap.sh 21 > ./mhap.000021.out 2>&1
    ./mhap.sh 22 > ./mhap.000022.out 2>&1
    ./mhap.sh 23 > ./mhap.000023.out 2>&1
    ./mhap.sh 24 > ./mhap.000024.out 2>&1
    ./mhap.sh 25 > ./mhap.000025.out 2>&1
    ./mhap.sh 26 > ./mhap.000026.out 2>&1
    ./mhap.sh 27 > ./mhap.000027.out 2>&1
    ./mhap.sh 28 > ./mhap.000028.out 2>&1
    ./mhap.sh 29 > ./mhap.000029.out 2>&1
    ./mhap.sh 30 > ./mhap.000030.out 2>&1
    ./mhap.sh 31 > ./mhap.000031.out 2>&1
    ./mhap.sh 32 > ./mhap.000032.out 2>&1
    ./mhap.sh 33 > ./mhap.000033.out 2>&1
    ./mhap.sh 34 > ./mhap.000034.out 2>&1
    ./mhap.sh 35 > ./mhap.000035.out 2>&1
    ./mhap.sh 36 > ./mhap.000036.out 2>&1
    ./mhap.sh 37 > ./mhap.000037.out 2>&1
    ./mhap.sh 38 > ./mhap.000038.out 2>&1
    ./mhap.sh 39 > ./mhap.000039.out 2>&1
    ./mhap.sh 40 > ./mhap.000040.out 2>&1
    ./mhap.sh 41 > ./mhap.000041.out 2>&1
    ./mhap.sh 42 > ./mhap.000042.out 2>&1
    ./mhap.sh 43 > ./mhap.000043.out 2>&1
    ./mhap.sh 44 > ./mhap.000044.out 2>&1
    ./mhap.sh 45 > ./mhap.000045.out 2>&1
    ./mhap.sh 46 > ./mhap.000046.out 2>&1
    ./mhap.sh 47 > ./mhap.000047.out 2>&1
    ./mhap.sh 48 > ./mhap.000048.out 2>&1
    ./mhap.sh 49 > ./mhap.000049.out 2>&1
    ./mhap.sh 50 > ./mhap.000050.out 2>&1

-- Finished on Sun Apr 12 16:35:33 2020 (2227 seconds) with 21918.125 GB free disk space
----------------------------------------
-- Found 50 mhap overlap output files.
-- Finished stage 'cor-mhapCheck', reset canuIteration.
----------------------------------------
-- Starting command on Sun Apr 12 16:35:33 2020 with 21918.125 GB free disk space

    cd correction
    /sw/bioinfo/canu/1.8/rackham/Linux-amd64/bin/ovStoreConfig \
     -S ../canu.seqStore \
     -M 4-8 \
     -L ./1-overlapper/ovljob.files \
     -create ./canu.ovlStore.config \
     > ./canu.ovlStore.config.txt \
    2> ./canu.ovlStore.config.err

-- Finished on Sun Apr 12 16:35:33 2020 (fast as lightning) with 21918.124 GB free disk space
----------------------------------------
--
-- Creating overlap store correction/canu.ovlStore using:
--      2 buckets
--      2 slices
--        using at most 3 GB memory each
-- Finished stage 'cor-overlapStoreConfigure', reset canuIteration.
--
-- Running jobs.  First attempt out of 2.
----------------------------------------
-- Starting 'ovB' concurrent execution on Sun Apr 12 16:35:33 2020 with 21918.124 GB free disk space (2 processes; 20 concurrently)

    cd correction/canu.ovlStore.BUILDING
    ./scripts/1-bucketize.sh 1 > ./logs/1-bucketize.000001.out 2>&1
    ./scripts/1-bucketize.sh 2 > ./logs/1-bucketize.000002.out 2>&1

-- Finished on Sun Apr 12 16:35:51 2020 (18 seconds) with 21917.125 GB free disk space
----------------------------------------
-- Overlap store bucketizer finished.
-- Finished stage 'cor-overlapStoreBucketizerCheck', reset canuIteration.
--
-- Running jobs.  First attempt out of 2.
----------------------------------------
-- Starting 'ovS' concurrent execution on Sun Apr 12 16:35:51 2020 with 21917.125 GB free disk space (2 processes; 15 concurrently)

    cd correction/canu.ovlStore.BUILDING
    ./scripts/2-sort.sh 1 > ./logs/2-sort.000001.out 2>&1
    ./scripts/2-sort.sh 2 > ./logs/2-sort.000002.out 2>&1

-- Finished on Sun Apr 12 16:36:21 2020 (30 seconds) with 21916.008 GB free disk space
----------------------------------------
-- Overlap store sorter finished.
-- Finished stage 'cor-overlapStoreSorterCheck', reset canuIteration.
----------------------------------------
-- Starting command on Sun Apr 12 16:36:21 2020 with 21916.008 GB free disk space

    cd correction
    /sw/bioinfo/canu/1.8/rackham/Linux-amd64/bin/ovStoreIndexer \
      -O  ./canu.ovlStore.BUILDING \
      -S ../canu.seqStore \
      -C  ./canu.ovlStore.config \
      -delete \
    > ./canu.ovlStore.BUILDING.index.err 2>&1

-- Finished on Sun Apr 12 16:36:22 2020 (one second) with 21915.983 GB free disk space
----------------------------------------
-- Checking store.
----------------------------------------
-- Starting command on Sun Apr 12 16:36:22 2020 with 21915.982 GB free disk space

    cd correction
    /sw/bioinfo/canu/1.8/rackham/Linux-amd64/bin/ovStoreDump \
     -S ../canu.seqStore \
     -O  ./canu.ovlStore \
     -counts \
     > ./canu.ovlStore/counts.dat 2> ./canu.ovlStore/counts.err

-- Finished on Sun Apr 12 16:36:22 2020 (fast as lightning) with 21915.98 GB free disk space
----------------------------------------
--
-- Overlap store 'correction/canu.ovlStore' successfully constructed.
-- Found 57203888 overlaps for 164819 reads; 50457 reads have no overlaps.
--
--
-- Purged 26.59 GB in 205 overlap output files.
-- Finished stage 'cor-createOverlapStore', reset canuIteration.
-- Set corMinCoverage=4 based on read coverage of 1153.
-- Global filter scores will be estimated.
-- Computing correction layouts.
----------------------------------------
-- Starting command on Sun Apr 12 16:36:24 2020 with 21915.945 GB free disk space

    cd correction
    /sw/bioinfo/canu/1.8/rackham/Linux-amd64/bin/generateCorrectionLayouts \
      -S ../canu.seqStore \
      -O  ./canu.ovlStore \
      -C  ./canu.corStore.WORKING \
      -eC 80 \
    > ./canu.corStore.err 2>&1

-- Finished on Sun Apr 12 16:36:48 2020 (24 seconds) with 21915.763 GB free disk space
----------------------------------------
-- Finished stage 'cor-buildCorrectionLayoutsConfigure', reset canuIteration.
-- Computing correction layouts.
----------------------------------------
-- Starting command on Sun Apr 12 16:36:48 2020 with 21915.763 GB free disk space

    cd correction/2-correction
    /sw/bioinfo/canu/1.8/rackham/Linux-amd64/bin/filterCorrectionLayouts \
      -S  ../../canu.seqStore \
      -C     ../canu.corStore \
      -R      ./canu.readsToCorrect.WORKING \
      -cc 4 \
      -cl 1000 \
      -g  2600000 \
      -c  40 \
    > ./canu.readsToCorrect.err 2>&1

-- Finished on Sun Apr 12 16:36:49 2020 (one second) with 21915.748 GB free disk space
----------------------------------------
--                             original      original
--                            raw reads     raw reads
--   category                w/overlaps  w/o/overlaps
--   -------------------- ------------- -------------
--   Number of Reads             127986         87290
--   Number of Bases         2035459652     507270310
--   Coverage                   782.869       195.104
--   Median                       13330             0
--   Mean                         15903          5811
--   N50                          22173         19582
--   Minimum                       1000             0
--   Maximum                      64897         78423
--   
--                                        --------corrected---------  ----------rescued----------
--                             evidence                     expected                     expected
--   category                     reads            raw     corrected            raw     corrected
--   -------------------- -------------  ------------- -------------  ------------- -------------
--   Number of Reads             102772           2742          2742          13516         13516
--   Number of Bases         1916707886      106520652     104015966      136201341      83481819
--   Coverage                   737.195         40.969        40.006         52.385        32.108
--   Median                       15952          38197         37579           7997          4072
--   Mean                         18650          38847         37934          10077          6176
--   N50                          23490          38332         37634          14160          9865
--   Minimum                       1010          35985         35983           1007          1001
--   Maximum                      69274          64897         47181          58217         35927
--   
--                        --------uncorrected--------
--                                           expected
--   category                       raw     corrected
--   -------------------- ------------- -------------
--   Number of Reads             199018        199018
--   Number of Bases         2300007969    1094358841
--   Coverage                   884.618       420.907
--   Median                        9568             0
--   Mean                         11556          5498
--   N50                          21261         20060
--   Minimum                          0             0
--   Maximum                      78423         49502
--   
--   Maximum Memory          1228212848
-- Finished stage 'cor-filterCorrectionLayouts', reset canuIteration.
--
--                            (tag)Concurrency
--                     (tag)Threads          |
--            (tag)Memory         |          |
--        (tag)         |         |          |     total usage     algorithm
--        -------  ------  --------   --------  -----------------  -----------------------------
-- Local: cor        5 GB    2 CPUs x  10 jobs    50 GB   20 CPUs  (read correction)
--
-- Using overlaps no worse than 0.3 fraction error for correcting reads (from corErrorRate parameter).
-- Finished stage 'cor-generateCorrectedReadsConfigure', reset canuIteration.
--
-- Running jobs.  First attempt out of 2.
----------------------------------------
-- Starting 'cor' concurrent execution on Sun Apr 12 16:36:49 2020 with 21915.748 GB free disk space (44 processes; 10 concurrently)

    cd correction/2-correction
    ./correctReads.sh 1 > ./correctReads.000001.out 2>&1
    ./correctReads.sh 2 > ./correctReads.000002.out 2>&1
    ./correctReads.sh 3 > ./correctReads.000003.out 2>&1
    ./correctReads.sh 4 > ./correctReads.000004.out 2>&1
    ./correctReads.sh 5 > ./correctReads.000005.out 2>&1
    ./correctReads.sh 6 > ./correctReads.000006.out 2>&1
    ./correctReads.sh 7 > ./correctReads.000007.out 2>&1
    ./correctReads.sh 8 > ./correctReads.000008.out 2>&1
    ./correctReads.sh 9 > ./correctReads.000009.out 2>&1
    ./correctReads.sh 10 > ./correctReads.000010.out 2>&1
    ./correctReads.sh 11 > ./correctReads.000011.out 2>&1
    ./correctReads.sh 12 > ./correctReads.000012.out 2>&1
    ./correctReads.sh 13 > ./correctReads.000013.out 2>&1
    ./correctReads.sh 14 > ./correctReads.000014.out 2>&1
    ./correctReads.sh 15 > ./correctReads.000015.out 2>&1
    ./correctReads.sh 16 > ./correctReads.000016.out 2>&1
    ./correctReads.sh 17 > ./correctReads.000017.out 2>&1
    ./correctReads.sh 18 > ./correctReads.000018.out 2>&1
    ./correctReads.sh 19 > ./correctReads.000019.out 2>&1
    ./correctReads.sh 20 > ./correctReads.000020.out 2>&1
    ./correctReads.sh 21 > ./correctReads.000021.out 2>&1
    ./correctReads.sh 22 > ./correctReads.000022.out 2>&1
    ./correctReads.sh 23 > ./correctReads.000023.out 2>&1
    ./correctReads.sh 24 > ./correctReads.000024.out 2>&1
    ./correctReads.sh 25 > ./correctReads.000025.out 2>&1
    ./correctReads.sh 26 > ./correctReads.000026.out 2>&1
    ./correctReads.sh 27 > ./correctReads.000027.out 2>&1
    ./correctReads.sh 28 > ./correctReads.000028.out 2>&1
    ./correctReads.sh 29 > ./correctReads.000029.out 2>&1
    ./correctReads.sh 30 > ./correctReads.000030.out 2>&1
    ./correctReads.sh 31 > ./correctReads.000031.out 2>&1
    ./correctReads.sh 32 > ./correctReads.000032.out 2>&1
    ./correctReads.sh 33 > ./correctReads.000033.out 2>&1
    ./correctReads.sh 34 > ./correctReads.000034.out 2>&1
    ./correctReads.sh 35 > ./correctReads.000035.out 2>&1
    ./correctReads.sh 36 > ./correctReads.000036.out 2>&1
    ./correctReads.sh 37 > ./correctReads.000037.out 2>&1
    ./correctReads.sh 38 > ./correctReads.000038.out 2>&1
    ./correctReads.sh 39 > ./correctReads.000039.out 2>&1
    ./correctReads.sh 40 > ./correctReads.000040.out 2>&1
    ./correctReads.sh 41 > ./correctReads.000041.out 2>&1
    ./correctReads.sh 42 > ./correctReads.000042.out 2>&1
    ./correctReads.sh 43 > ./correctReads.000043.out 2>&1
    ./correctReads.sh 44 > ./correctReads.000044.out 2>&1

-- Finished on Sun Apr 12 19:40:06 2020 (10997 seconds) with 21897.327 GB free disk space
----------------------------------------
-- Found 44 read correction output files.
-- Finished stage 'cor-generateCorrectedReadsCheck', reset canuIteration.
-- Found 44 read correction output files.
-- Finished stage 'cor-generateCorrectedReadsCheck', reset canuIteration.
--
-- Loading corrected reads into corStore and seqStore.
----------------------------------------
-- Starting command on Sun Apr 12 19:40:07 2020 with 21897.327 GB free disk space

    cd correction
    /sw/bioinfo/canu/1.8/rackham/Linux-amd64/bin/loadCorrectedReads \
      -S ../canu.seqStore \
      -C ./canu.corStore \
      -L ./2-correction/corjob.files \
    >  ./canu.loadCorrectedReads.log \
    2> ./canu.loadCorrectedReads.err

-- Finished on Sun Apr 12 19:40:12 2020 (5 seconds) with 21897.228 GB free disk space
----------------------------------------
--
-- In sequence store './canu.seqStore':
--   Found 10399 reads.
--   Found 131769694 bases (50.68 times coverage).
--
--   Read length histogram (one '*' equals 18.95 reads):
--        0    999    933 *************************************************
--     1000   1999   1327 **********************************************************************
--     2000   2999    865 *********************************************
--     3000   3999    609 ********************************
--     4000   4999    534 ****************************
--     5000   5999    508 **************************
--     6000   6999    452 ***********************
--     7000   7999    404 *********************
--     8000   8999    377 *******************
--     9000   9999    361 *******************
--    10000  10999    345 ******************
--    11000  11999    235 ************
--    12000  12999    161 ********
--    13000  13999    101 *****
--    14000  14999    111 *****
--    15000  15999     82 ****
--    16000  16999     77 ****
--    17000  17999     74 ***
--    18000  18999     64 ***
--    19000  19999     74 ***
--    20000  20999     65 ***
--    21000  21999     64 ***
--    22000  22999     66 ***
--    23000  23999     68 ***
--    24000  24999     52 **
--    25000  25999     61 ***
--    26000  26999     76 ****
--    27000  27999     77 ****
--    28000  28999     65 ***
--    29000  29999     73 ***
--    30000  30999     70 ***
--    31000  31999     94 ****
--    32000  32999    111 *****
--    33000  33999    152 ********
--    34000  34999    216 ***********
--    35000  35999    452 ***********************
--    36000  36999    395 ********************
--    37000  37999    275 **************
--    38000  38999    147 *******
--    39000  39999     87 ****
--    40000  40999     28 *
--    41000  41999      4 
--    42000  42999      4 
--    43000  43999      2 
--    44000  44999      1 
--
-- Purging correctReads output after loading into stores.
-- Purged 44 .cns outputs.
-- Purged 88 .out job log outputs.
--
-- Purging overlaps used for correction.
-- Finished stage 'cor-loadCorrectedReads', reset canuIteration.
----------------------------------------
-- Starting command on Sun Apr 12 19:40:14 2020 with 21897.222 GB free disk space

    cd .
    /sw/bioinfo/canu/1.8/rackham/Linux-amd64/bin/sqStoreDumpFASTQ \
      -corrected \
      -S ./canu.seqStore \
      -o ./canu.correctedReads.gz \
      -fasta \
      -nolibname \
    > canu.correctedReads.fasta.err 2>&1

-- Finished on Sun Apr 12 19:40:18 2020 (4 seconds) with 21897.187 GB free disk space
----------------------------------------
--
-- Corrected reads saved in 'canu.correctedReads.fasta.gz'.
-- Finished stage 'cor-dumpCorrectedReads', reset canuIteration.
--
--
-- BEGIN TRIMMING
--
----------------------------------------
-- Starting command on Sun Apr 12 19:40:19 2020 with 21897.187 GB free disk space

    cd trimming/0-mercounts
    ./meryl-configure.sh \
    > ./meryl-configure.err 2>&1

-- Finished on Sun Apr 12 19:40:19 2020 (one second) with 21897.187 GB free disk space
----------------------------------------
--  segments   memory batches
--  -------- -------- -------
--        01  0.56 GB       1
--
--  For 10399 reads with 131769694 bases, limit to 1 batch.
--  Will count kmers using 01 jobs, each using 2 GB and 4 threads.
--
-- Finished stage 'merylConfigure', reset canuIteration.
--
-- Running jobs.  First attempt out of 2.
----------------------------------------
-- Starting 'meryl' concurrent execution on Sun Apr 12 19:40:19 2020 with 21897.187 GB free disk space (1 processes; 5 concurrently)

    cd trimming/0-mercounts
    ./meryl-count.sh 1 > ./meryl-count.000001.out 2>&1

-- Finished on Sun Apr 12 19:40:40 2020 (21 seconds) with 21897.023 GB free disk space
----------------------------------------
-- Found 1 Kmer counting (meryl) outputs.
-- Finished stage 'obt-merylCountCheck', reset canuIteration.
--
-- Running jobs.  First attempt out of 2.
----------------------------------------
-- Starting 'meryl' concurrent execution on Sun Apr 12 19:40:40 2020 with 21897.023 GB free disk space (1 processes; 5 concurrently)

    cd trimming/0-mercounts
    ./meryl-process.sh 1 > ./meryl-process.000001.out 2>&1

-- Finished on Sun Apr 12 19:41:01 2020 (21 seconds) with 21896.955 GB free disk space
----------------------------------------
--
--  22-mers                                                                                           Fraction
--    Occurrences   NumMers                                                                         Unique Total
--       1-     1         0                                                                        0.0000 0.0000
--       2-     2   1131704 ********************************************************************** 0.2512 0.0188
--       3-     4    562559 **********************************                                     0.3365 0.0284
--       5-     7    183498 ***********                                                            0.3971 0.0383
--       8-    11     58544 ***                                                                    0.4219 0.0445
--      12-    16     21050 *                                                                      0.4312 0.0480
--      17-    22     35120 **                                                                     0.4352 0.0503
--      23-    29    234788 **************                                                         0.4455 0.0585
--      30-    37    706397 *******************************************                            0.5084 0.1237
--      38-    46    857828 *****************************************************                  0.6749 0.3407
--      47-    56    437580 ***************************                                            0.8564 0.6303
--      57-    67    148102 *********                                                              0.9440 0.7996
--      68-    79     39782 **                                                                     0.9726 0.8656
--      80-    92     26368 *                                                                      0.9810 0.8889
--      93-   106     22645 *                                                                      0.9867 0.9073
--     107-   121     19278 *                                                                      0.9916 0.9257
--     122-   137     15015                                                                        0.9959 0.9441
--     138-   154      2060                                                                        0.9990 0.9593
--     155-   172       156                                                                        0.9994 0.9613
--     173-   191        36                                                                        0.9994 0.9615
--     192-   211        16                                                                        0.9994 0.9615
--     212-   232         9                                                                        0.9994 0.9616
--     233-   254         7                                                                        0.9994 0.9616
--     255-   277        18                                                                        0.9994 0.9616
--     278-   301         8                                                                        0.9994 0.9616
--     302-   326        26                                                                        0.9994 0.9616
--     327-   352        45                                                                        0.9994 0.9617
--     353-   379        59                                                                        0.9994 0.9618
--     380-   407        60                                                                        0.9995 0.9620
--     408-   436        23                                                                        0.9995 0.9622
--     437-   466         5                                                                        0.9995 0.9623
--     467-   497         5                                                                        0.9995 0.9623
--     498-   529         0                                                                        0.0000 0.0000
--     530-   562        12                                                                        0.9995 0.9623
--     563-   596         1                                                                        0.9995 0.9624
--     597-   631        11                                                                        0.9995 0.9624
--     632-   667        35                                                                        0.9995 0.9625
--     668-   704        97                                                                        0.9995 0.9626
--     705-   742       185                                                                        0.9995 0.9632
--     743-   781       253                                                                        0.9995 0.9643
--     782-   821       453                                                                        0.9996 0.9660
--
--           0 (max occurrences)
--   120295092 (total mers, non-unique)
--     4505165 (distinct mers, non-unique)
--           0 (unique mers)
-- Finished stage 'meryl-process', reset canuIteration.
--
-- OVERLAPPER (normal) (trimming) erate=0.045
--
----------------------------------------
-- Starting command on Sun Apr 12 19:41:01 2020 with 21896.955 GB free disk space

    cd trimming/1-overlapper
    /sw/bioinfo/canu/1.8/rackham/Linux-amd64/bin/overlapInCorePartition \
     -S  ../../canu.seqStore \
     -hl 80000000 \
     -rl 1000000000 \
     -ol 500 \
     -o  ./canu.partition \
    > ./canu.partition.err 2>&1

-- Finished on Sun Apr 12 19:41:02 2020 (one second) with 21896.955 GB free disk space
----------------------------------------
--
-- Configured 2 overlapInCore jobs.
-- Finished stage 'obt-overlapConfigure', reset canuIteration.
--
-- Running jobs.  First attempt out of 2.
----------------------------------------
-- Starting 'obtovl' concurrent execution on Sun Apr 12 19:41:02 2020 with 21896.955 GB free disk space (2 processes; 4 concurrently)

    cd trimming/1-overlapper
    ./overlap.sh 1 > ./overlap.000001.out 2>&1
    ./overlap.sh 2 > ./overlap.000002.out 2>&1

-- Finished on Sun Apr 12 21:05:46 2020 (5084 seconds) with 21892.693 GB free disk space
----------------------------------------
-- Found 2 overlapInCore output files.
--
-- overlapInCore compute 'trimming/1-overlapper':
--   kmer hits
--     with no overlap          1147344      573672 +- 173617.342
--     with an overlap           658802      329401 +- 122916.371
--
--   overlaps                    658802      329401 +- 122916.371
--     contained                      0           0 +- 0
--     dovetail                       0           0 +- 0
--
--   overlaps rejected
--     multiple per pair              0           0 +- 0
--     bad short window               0           0 +- 0
--     bad long window                0           0 +- 0
-- Finished stage 'obt-overlapCheck', reset canuIteration.
----------------------------------------
-- Starting command on Sun Apr 12 21:05:47 2020 with 21892.693 GB free disk space

    cd trimming
    /sw/bioinfo/canu/1.8/rackham/Linux-amd64/bin/ovStoreConfig \
     -S ../canu.seqStore \
     -M 3 \
     -L ./1-overlapper/ovljob.files \
     -create ./canu.ovlStore.config \
     > ./canu.ovlStore.config.txt \
    2> ./canu.ovlStore.config.err

-- Finished on Sun Apr 12 21:05:47 2020 (furiously fast) with 21892.693 GB free disk space
----------------------------------------
--
-- Creating overlap store trimming/canu.ovlStore using:
--      2 buckets
--      2 slices
--        using at most 1 GB memory each
-- Finished stage 'obt-overlapStoreConfigure', reset canuIteration.
--
-- Running jobs.  First attempt out of 2.
----------------------------------------
-- Starting 'ovB' concurrent execution on Sun Apr 12 21:05:47 2020 with 21892.693 GB free disk space (2 processes; 20 concurrently)

    cd trimming/canu.ovlStore.BUILDING
    ./scripts/1-bucketize.sh 1 > ./logs/1-bucketize.000001.out 2>&1
    ./scripts/1-bucketize.sh 2 > ./logs/1-bucketize.000002.out 2>&1

-- Finished on Sun Apr 12 21:05:47 2020 (like a bat out of hell) with 21892.673 GB free disk space
----------------------------------------
-- Overlap store bucketizer finished.
-- Finished stage 'obt-overlapStoreBucketizerCheck', reset canuIteration.
--
-- Running jobs.  First attempt out of 2.
----------------------------------------
-- Starting 'ovS' concurrent execution on Sun Apr 12 21:05:47 2020 with 21892.673 GB free disk space (2 processes; 15 concurrently)

    cd trimming/canu.ovlStore.BUILDING
    ./scripts/2-sort.sh 1 > ./logs/2-sort.000001.out 2>&1
    ./scripts/2-sort.sh 2 > ./logs/2-sort.000002.out 2>&1

-- Finished on Sun Apr 12 21:05:49 2020 (2 seconds) with 21892.625 GB free disk space
----------------------------------------
-- Overlap store sorter finished.
-- Finished stage 'obt-overlapStoreSorterCheck', reset canuIteration.
----------------------------------------
-- Starting command on Sun Apr 12 21:05:49 2020 with 21892.625 GB free disk space

    cd trimming
    /sw/bioinfo/canu/1.8/rackham/Linux-amd64/bin/ovStoreIndexer \
      -O  ./canu.ovlStore.BUILDING \
      -S ../canu.seqStore \
      -C  ./canu.ovlStore.config \
      -delete \
    > ./canu.ovlStore.BUILDING.index.err 2>&1

-- Finished on Sun Apr 12 21:05:49 2020 (in the blink of an eye) with 21892.612 GB free disk space
----------------------------------------
-- Checking store.
----------------------------------------
-- Starting command on Sun Apr 12 21:05:49 2020 with 21892.612 GB free disk space

    cd trimming
    /sw/bioinfo/canu/1.8/rackham/Linux-amd64/bin/ovStoreDump \
     -S ../canu.seqStore \
     -O  ./canu.ovlStore \
     -counts \
     > ./canu.ovlStore/counts.dat 2> ./canu.ovlStore/counts.err

-- Finished on Sun Apr 12 21:05:49 2020 (furiously fast) with 21892.61 GB free disk space
----------------------------------------
--
-- Overlap store 'trimming/canu.ovlStore' successfully constructed.
-- Found 1311180 overlaps for 9396 reads; 205880 reads have no overlaps.
--
--
-- Purged 0.014 GB in 6 overlap output files.
-- Finished stage 'obt-createOverlapStore', reset canuIteration.
----------------------------------------
-- Starting command on Sun Apr 12 21:05:50 2020 with 21892.61 GB free disk space

    cd trimming/3-overlapbasedtrimming
    /sw/bioinfo/canu/1.8/rackham/Linux-amd64/bin/trimReads \
      -S  ../../canu.seqStore \
      -O  ../canu.ovlStore \
      -Co ./canu.1.trimReads.clear \
      -e  0.045 \
      -minlength 1000 \
      -ol 1 \
      -oc 1 \
      -o  ./canu.1.trimReads \
    >     ./canu.1.trimReads.err 2>&1

-- Finished on Sun Apr 12 21:05:55 2020 (5 seconds) with 21892.602 GB free disk space
----------------------------------------
--  PARAMETERS:
--  ----------
--     1000    (reads trimmed below this many bases are deleted)
--   0.0450    (use overlaps at or below this fraction error)
--        1    (break region if overlap is less than this long, for 'largest covered' algorithm)
--        1    (break region if overlap coverage is less than this many read, for 'largest covered' algorithm)
--  
--  INPUT READS:
--  -----------
--  215276 reads    131769694 bases (reads processed)
--       0 reads            0 bases (reads not processed, previously deleted)
--       0 reads            0 bases (reads not processed, in a library where trimming isn't allowed)
--  
--  OUTPUT READS:
--  ------------
--    7886 reads     86264032 bases (trimmed reads output)
--     918 reads      4952875 bases (reads with no change, kept as is)
--  205880 reads      1340513 bases (reads with no overlaps, deleted)
--     592 reads       680380 bases (reads with short trimmed length, deleted)
--  
--  TRIMMING DETAILS:
--  ----------------
--    6155 reads     16231650 bases (bases trimmed from the 5' end of a read)
--    6395 reads     22300244 bases (bases trimmed from the 3' end of a read)
-- Finished stage 'obt-trimReads', reset canuIteration.
----------------------------------------
-- Starting command on Sun Apr 12 21:05:55 2020 with 21892.602 GB free disk space

    cd trimming/3-overlapbasedtrimming
    /sw/bioinfo/canu/1.8/rackham/Linux-amd64/bin/splitReads \
      -S  ../../canu.seqStore \
      -O  ../canu.ovlStore \
      -Ci ./canu.1.trimReads.clear \
      -Co ./canu.2.splitReads.clear \
      -e  0.045 \
      -minlength 1000 \
      -o  ./canu.2.splitReads \
    >     ./canu.2.splitReads.err 2>&1

-- Finished on Sun Apr 12 21:05:56 2020 (one second) with 21892.6 GB free disk space
----------------------------------------
--  PARAMETERS:
--  ----------
--     1000    (reads trimmed below this many bases are deleted)
--   0.0450    (use overlaps at or below this fraction error)
--  INPUT READS:
--  -----------
--    8804 reads    129748801 bases (reads processed)
--  206472 reads      2020893 bases (reads not processed, previously deleted)
--       0 reads            0 bases (reads not processed, in a library where trimming isn't allowed)
--  
--  PROCESSED:
--  --------
--       0 reads            0 bases (no overlaps)
--       0 reads            0 bases (no coverage after adjusting for trimming done already)
--       0 reads            0 bases (processed for chimera)
--       0 reads            0 bases (processed for spur)
--    8804 reads    129748801 bases (processed for subreads)
--  
--  READS WITH SIGNALS:
--  ------------------
--       0 reads            0 signals (number of 5' spur signal)
--       0 reads            0 signals (number of 3' spur signal)
--       0 reads            0 signals (number of chimera signal)
--     425 reads          430 signals (number of subread signal)
--  
--  SIGNALS:
--  -------
--       0 reads            0 bases (size of 5' spur signal)
--       0 reads            0 bases (size of 3' spur signal)
--       0 reads            0 bases (size of chimera signal)
--     430 reads       151807 bases (size of subread signal)
--  
--  TRIMMING:
--  --------
--     187 reads      2544142 bases (trimmed from the 5' end of the read)
--     242 reads      3135375 bases (trimmed from the 3' end of the read)
-- Finished stage 'obt-splitReads', reset canuIteration.
----------------------------------------
-- Starting command on Sun Apr 12 21:05:56 2020 with 21892.599 GB free disk space

    cd trimming/3-overlapbasedtrimming
    /sw/bioinfo/canu/1.8/rackham/Linux-amd64/bin/loadTrimmedReads \
      -S ../../canu.seqStore \
      -c ./canu.2.splitReads.clear \
    > ./canu.loadtrimmedReads.err 2>&1

-- Finished on Sun Apr 12 21:05:56 2020 (like a bat out of hell) with 21892.591 GB free disk space
----------------------------------------
--
-- In sequence store './canu.seqStore':
--   Found 8804 reads.
--   Found 85537390 bases (32.89 times coverage).
--
--   Read length histogram (one '*' equals 14.37 reads):
--     1000   1999   1006 **********************************************************************
--     2000   2999    731 **************************************************
--     3000   3999    530 ************************************
--     4000   4999    508 ***********************************
--     5000   5999    497 **********************************
--     6000   6999    454 *******************************
--     7000   7999    399 ***************************
--     8000   8999    408 ****************************
--     9000   9999    492 **********************************
--    10000  10999    555 **************************************
--    11000  11999    489 **********************************
--    12000  12999    358 ************************
--    13000  13999    302 *********************
--    14000  14999    262 ******************
--    15000  15999    252 *****************
--    16000  16999    219 ***************
--    17000  17999    221 ***************
--    18000  18999    157 **********
--    19000  19999    173 ************
--    20000  20999    107 *******
--    21000  21999    126 ********
--    22000  22999    103 *******
--    23000  23999    100 ******
--    24000  24999     57 ***
--    25000  25999     62 ****
--    26000  26999     36 **
--    27000  27999     31 **
--    28000  28999     26 *
--    29000  29999     24 *
--    30000  30999     15 *
--    31000  31999     17 *
--    32000  32999     17 *
--    33000  33999      8 
--    34000  34999      8 
--    35000  35999     14 
--    36000  36999     17 *
--    37000  37999      5 
--    38000  38999      8 
--    39000  39999      5 
--    40000  40999      2 
--    41000  41999      0 
--    42000  42999      1 
--    43000  43999      2 
--
-- Purging overlaps used for trimming.
-- Finished stage 'obt-dumpReads', reset canuIteration.
----------------------------------------
-- Starting command on Sun Apr 12 21:05:58 2020 with 21892.589 GB free disk space

    cd .
    /sw/bioinfo/canu/1.8/rackham/Linux-amd64/bin/sqStoreDumpFASTQ \
      -trimmed \
      -S ./canu.seqStore \
      -o ./canu.trimmedReads.gz \
      -fasta \
      -nolibname \
    > ./canu.trimmedReads.fasta.err 2>&1

-- Finished on Sun Apr 12 21:06:00 2020 (2 seconds) with 21892.617 GB free disk space
----------------------------------------
--
-- Trimmed reads saved in 'canu.trimmedReads.fasta.gz'.
-- Finished stage 'cor-dumpTrimmedReads', reset canuIteration.
--
--
-- BEGIN ASSEMBLY
--
----------------------------------------
-- Starting command on Sun Apr 12 21:06:00 2020 with 21892.617 GB free disk space

    cd unitigging/0-mercounts
    ./meryl-configure.sh \
    > ./meryl-configure.err 2>&1

-- Finished on Sun Apr 12 21:06:00 2020 (lickety-split) with 21892.617 GB free disk space
----------------------------------------
--  segments   memory batches
--  -------- -------- -------
--        01  0.38 GB       1
--
--  For 8804 reads with 85537390 bases, limit to 1 batch.
--  Will count kmers using 01 jobs, each using 2 GB and 4 threads.
--
-- Finished stage 'merylConfigure', reset canuIteration.
--
-- Running jobs.  First attempt out of 2.
----------------------------------------
-- Starting 'meryl' concurrent execution on Sun Apr 12 21:06:01 2020 with 21892.617 GB free disk space (1 processes; 5 concurrently)

    cd unitigging/0-mercounts
    ./meryl-count.sh 1 > ./meryl-count.000001.out 2>&1

-- Finished on Sun Apr 12 21:06:17 2020 (16 seconds) with 21892.545 GB free disk space
----------------------------------------
-- Found 1 Kmer counting (meryl) outputs.
-- Finished stage 'utg-merylCountCheck', reset canuIteration.
--
-- Running jobs.  First attempt out of 2.
----------------------------------------
-- Starting 'meryl' concurrent execution on Sun Apr 12 21:06:17 2020 with 21892.545 GB free disk space (1 processes; 5 concurrently)

    cd unitigging/0-mercounts
    ./meryl-process.sh 1 > ./meryl-process.000001.out 2>&1

-- Finished on Sun Apr 12 21:06:37 2020 (20 seconds) with 21892.532 GB free disk space
----------------------------------------
--
--  22-mers                                                                                           Fraction
--    Occurrences   NumMers                                                                         Unique Total
--       1-     1         0                                                                        0.0000 0.0000
--       2-     2    645402 **********************************************                         0.1794 0.0162
--       3-     4    294799 *********************                                                  0.2368 0.0240
--       5-     7     85505 ******                                                                 0.2739 0.0313
--       8-    11     31062 **                                                                     0.2880 0.0356
--      12-    16    125447 *********                                                              0.2960 0.0394
--      17-    22    706534 ***************************************************                    0.3468 0.0755
--      23-    29    967798 ********************************************************************** 0.5722 0.2884
--      30-    37    434008 *******************************                                        0.8184 0.5848
--      38-    46    118229 ********                                                               0.9202 0.7393
--      47-    56     71634 *****                                                                  0.9502 0.7969
--      57-    67     35599 **                                                                     0.9688 0.8405
--      68-    79     23425 *                                                                      0.9781 0.8668
--      80-    92     20153 *                                                                      0.9844 0.8881
--      93-   106     17101 *                                                                      0.9900 0.9099
--     107-   121     14580 *                                                                      0.9946 0.9310
--     122-   137      3437                                                                        0.9985 0.9509
--     138-   154        27                                                                        0.9993 0.9556
--     155-   172        19                                                                        0.9993 0.9557
--     173-   191         0                                                                        0.0000 0.0000
--     192-   211         0                                                                        0.0000 0.0000
--     212-   232        12                                                                        0.9993 0.9557
--     233-   254        24                                                                        0.9993 0.9557
--     255-   277       127                                                                        0.9993 0.9558
--     278-   301        49                                                                        0.9994 0.9563
--     302-   326        33                                                                        0.9994 0.9564
--     327-   352        47                                                                        0.9994 0.9566
--     353-   379        16                                                                        0.9994 0.9568
--     380-   407        18                                                                        0.9994 0.9568
--     408-   436         5                                                                        0.9994 0.9569
--     437-   466         1                                                                        0.9994 0.9569
--     467-   497         6                                                                        0.9994 0.9569
--     498-   529         0                                                                        0.0000 0.0000
--     530-   562        13                                                                        0.9994 0.9570
--     563-   596         1                                                                        0.9994 0.9571
--     597-   631         7                                                                        0.9994 0.9571
--     632-   667        43                                                                        0.9994 0.9572
--     668-   704        87                                                                        0.9994 0.9575
--     705-   742       105                                                                        0.9995 0.9583
--     743-   781       232                                                                        0.9995 0.9592
--     782-   821       762                                                                        0.9996 0.9615
--
--           0 (max occurrences)
--    79507945 (total mers, non-unique)
--     3597174 (distinct mers, non-unique)
--           0 (unique mers)
-- Finished stage 'meryl-process', reset canuIteration.
--
-- OVERLAPPER (normal) (assembly) erate=0.045
--
----------------------------------------
-- Starting command on Sun Apr 12 21:06:38 2020 with 21892.531 GB free disk space

    cd unitigging/1-overlapper
    /sw/bioinfo/canu/1.8/rackham/Linux-amd64/bin/overlapInCorePartition \
     -S  ../../canu.seqStore \
     -hl 80000000 \
     -rl 1000000000 \
     -ol 500 \
     -o  ./canu.partition \
    > ./canu.partition.err 2>&1

-- Finished on Sun Apr 12 21:06:38 2020 (like a bat out of hell) with 21892.531 GB free disk space
----------------------------------------
--
-- Configured 2 overlapInCore jobs.
-- Finished stage 'utg-overlapConfigure', reset canuIteration.
--
-- Running jobs.  First attempt out of 2.
----------------------------------------
-- Starting 'utgovl' concurrent execution on Sun Apr 12 21:06:38 2020 with 21892.531 GB free disk space (2 processes; 4 concurrently)

    cd unitigging/1-overlapper
    ./overlap.sh 1 > ./overlap.000001.out 2>&1
    ./overlap.sh 2 > ./overlap.000002.out 2>&1

-- Finished on Sun Apr 12 22:16:42 2020 (4204 seconds) with 22002.447 GB free disk space
----------------------------------------
-- Found 2 overlapInCore output files.
--
-- overlapInCore compute 'unitigging/1-overlapper':
--   kmer hits
--     with no overlap           213288      106644 +- 108853.432
--     with an overlap           391766      195883 +- 196826
--
--   overlaps                    391766      195883 +- 196826
--     contained                 154413     77206.5 +- 76528.045
--     dovetail                  237353    118676.5 +- 120297.955
--
--   overlaps rejected
--     multiple per pair              0           0 +- 0
--     bad short window               0           0 +- 0
--     bad long window                0           0 +- 0
-- Finished stage 'utg-overlapCheck', reset canuIteration.
----------------------------------------
-- Starting command on Sun Apr 12 22:16:42 2020 with 22002.447 GB free disk space

    cd unitigging
    /sw/bioinfo/canu/1.8/rackham/Linux-amd64/bin/ovStoreConfig \
     -S ../canu.seqStore \
     -M 1 \
     -L ./1-overlapper/ovljob.files \
     -create ./canu.ovlStore.config \
     > ./canu.ovlStore.config.txt \
    2> ./canu.ovlStore.config.err

-- Finished on Sun Apr 12 22:16:42 2020 (fast as lightning) with 22002.447 GB free disk space
----------------------------------------
--
-- Creating overlap store unitigging/canu.ovlStore using:
--      2 buckets
--      2 slices
--        using at most 1 GB memory each
-- Finished stage 'utg-overlapStoreConfigure', reset canuIteration.
--
-- Running jobs.  First attempt out of 2.
----------------------------------------
-- Starting 'ovB' concurrent execution on Sun Apr 12 22:16:43 2020 with 22002.447 GB free disk space (2 processes; 20 concurrently)

    cd unitigging/canu.ovlStore.BUILDING
    ./scripts/1-bucketize.sh 1 > ./logs/1-bucketize.000001.out 2>&1
    ./scripts/1-bucketize.sh 2 > ./logs/1-bucketize.000002.out 2>&1

-- Finished on Sun Apr 12 22:16:43 2020 (furiously fast) with 22002.434 GB free disk space
----------------------------------------
-- Overlap store bucketizer finished.
-- Finished stage 'utg-overlapStoreBucketizerCheck', reset canuIteration.
--
-- Running jobs.  First attempt out of 2.
----------------------------------------
-- Starting 'ovS' concurrent execution on Sun Apr 12 22:16:43 2020 with 22002.434 GB free disk space (2 processes; 15 concurrently)

    cd unitigging/canu.ovlStore.BUILDING
    ./scripts/2-sort.sh 1 > ./logs/2-sort.000001.out 2>&1
    ./scripts/2-sort.sh 2 > ./logs/2-sort.000002.out 2>&1

-- Finished on Sun Apr 12 22:16:44 2020 (one second) with 22002.378 GB free disk space
----------------------------------------
-- Overlap store sorter finished.
-- Finished stage 'utg-overlapStoreSorterCheck', reset canuIteration.
----------------------------------------
-- Starting command on Sun Apr 12 22:16:44 2020 with 22002.376 GB free disk space

    cd unitigging
    /sw/bioinfo/canu/1.8/rackham/Linux-amd64/bin/ovStoreIndexer \
      -O  ./canu.ovlStore.BUILDING \
      -S ../canu.seqStore \
      -C  ./canu.ovlStore.config \
      -delete \
    > ./canu.ovlStore.BUILDING.index.err 2>&1

-- Finished on Sun Apr 12 22:16:45 2020 (one second) with 22002.332 GB free disk space
----------------------------------------
-- Checking store.
----------------------------------------
-- Starting command on Sun Apr 12 22:16:45 2020 with 22002.332 GB free disk space

    cd unitigging
    /sw/bioinfo/canu/1.8/rackham/Linux-amd64/bin/ovStoreDump \
     -S ../canu.seqStore \
     -O  ./canu.ovlStore \
     -counts \
     > ./canu.ovlStore/counts.dat 2> ./canu.ovlStore/counts.err

-- Finished on Sun Apr 12 22:16:45 2020 (in the blink of an eye) with 22002.33 GB free disk space
----------------------------------------
--
-- Overlap store 'unitigging/canu.ovlStore' successfully constructed.
-- Found 783532 overlaps for 8804 reads; 206472 reads have no overlaps.
--
--
-- Purged 0.008 GB in 6 overlap output files.
----------------------------------------
-- Starting command on Sun Apr 12 22:16:45 2020 with 22002.33 GB free disk space

    cd unitigging
    /sw/bioinfo/canu/1.8/rackham/Linux-amd64/bin/ovStoreStats \
     -C 32 \
     -S ../canu.seqStore \
     -O  ./canu.ovlStore \
     -o  ./canu.ovlStore \
     > ./canu.ovlStore.summary.err 2>&1

-- Finished on Sun Apr 12 22:16:46 2020 (one second) with 22002.33 GB free disk space
----------------------------------------
--
-- Overlap store 'unitigging/canu.ovlStore' contains:
--
--   category            reads     %          read length        feature size or coverage  analysis
--   ----------------  -------  -------  ----------------------  ------------------------  --------------------
--   middle-missing         87    0.99    21337.75 +- 7537.99        590.99 +- 2033.85    (bad trimming)
--   middle-hump             0    0.00        0.00 +- 0.00             0.00 +- 0.00       (bad trimming)
--   no-5-prime              1    0.01     1682.00 +- 0.00            23.00 +- 0.00       (bad trimming)
--   no-3-prime              2    0.02    29200.00 +- 13020.66      5614.00 +- 7915.35    (bad trimming)
--   
--   low-coverage            9    0.10     1419.56 +- 336.51           5.47 +- 3.16       (easy to assemble, potential for lower quality consensus)
--   unique               5629   63.94     9807.46 +- 6711.08         26.99 +- 6.73       (easy to assemble, perfect, yay)
--   repeat-cont          1127   12.80     4944.60 +- 3916.11        126.65 +- 64.23      (potential for consensus errors, no impact on assembly)
--   repeat-dove             2    0.02    18781.00 +- 16.97          109.28 +- 25.51      (hard to assemble, likely won't assemble correctly or even at all)
--   
--   span-repeat           723    8.21    13049.97 +- 7856.57       5074.25 +- 4570.59    (read spans a large repeat, usually easy to assemble)
--   uniq-repeat-cont     1099   12.48     9930.35 +- 6416.59                             (should be uniquely placed, low potential for consensus errors, no impact on assembly)
--   uniq-repeat-dove      109    1.24    19676.60 +- 11327.94                            (will end contigs, potential to misassemble)
--   uniq-anchor            16    0.18    18656.44 +- 10673.37     11327.31 +- 10630.20   (repeat read, with unique section, probable bad read)
-- Finished stage 'utg-createOverlapStore', reset canuIteration.
--
-- Loading read lengths.
-- Loading number of overlaps per read.
--
-- Configure RED for 8gb memory.
--                   Batches of at most (unlimited) reads.
--                                      500000000 bases.
--                   Expecting evidence of at most 536870912 bases per iteration.
--
--           Total                                               Reads                 Olaps Evidence
--    Job   Memory      Read Range         Reads        Bases   Memory        Olaps   Memory   Memory  (Memory in MB)
--   ---- -------- ------------------- --------- ------------ -------- ------------ -------- --------
--      1  4060.14         1-215276         8804     85537390   979.17       783532     8.97  1024.00
--   ---- -------- ------------------- --------- ------------ -------- ------------ -------- --------
--                                                   85537390                783532
-- Finished stage 'readErrorDetectionConfigure', reset canuIteration.
--
-- Running jobs.  First attempt out of 2.
----------------------------------------
-- Starting 'red' concurrent execution on Sun Apr 12 22:16:48 2020 with 22002.37 GB free disk space (1 processes; 5 concurrently)

    cd unitigging/3-overlapErrorAdjustment
    ./red.sh 1 > ./red.000001.out 2>&1

-- Finished on Sun Apr 12 22:17:40 2020 (52 seconds) with 22002.264 GB free disk space
----------------------------------------
-- Found 1 read error detection output files.
-- Finished stage 'readErrorDetectionCheck', reset canuIteration.
--
-- Loading read lengths.
-- Loading number of overlaps per read.
--
-- Configure OEA for 4gb memory.
--                   Batches of at most (unlimited) reads.
--                                      300000000 bases.
--
--           Total                                               Reads                 Olaps  Adjusts
--    Job   Memory      Read Range         Reads        Bases   Memory        Olaps   Memory   Memory  (Memory in MB)
--   ---- -------- ------------------- --------- ------------ -------- ------------ -------- --------
--      1  2489.39         1-215276         8804     85537390    89.84       783532    23.91   327.63
--   ---- -------- ------------------- --------- ------------ -------- ------------ -------- --------
--                                                   85537390                783532
-- Finished stage 'overlapErrorAdjustmentConfigure', reset canuIteration.
--
-- Running jobs.  First attempt out of 2.
----------------------------------------
-- Starting 'oea' concurrent execution on Sun Apr 12 22:17:42 2020 with 22002.261 GB free disk space (1 processes; 20 concurrently)

    cd unitigging/3-overlapErrorAdjustment
    ./oea.sh 1 > ./oea.000001.out 2>&1

-- Finished on Sun Apr 12 22:18:34 2020 (52 seconds) with 22002.21 GB free disk space
----------------------------------------
-- Found 1 overlap error adjustment output files.
-- Finished stage 'overlapErrorAdjustmentCheck', reset canuIteration.
----------------------------------------
-- Starting command on Sun Apr 12 22:18:34 2020 with 22002.21 GB free disk space

    cd unitigging/3-overlapErrorAdjustment
    /sw/bioinfo/canu/1.8/rackham/Linux-amd64/bin/loadErates \
      -S ../../canu.seqStore \
      -O ../canu.ovlStore \
      -L ./oea.files \
    > ./oea.apply.err 2>&1

-- Finished on Sun Apr 12 22:18:34 2020 (lickety-split) with 22002.198 GB free disk space
----------------------------------------
-- No report available.
-- Finished stage 'updateOverlapStore', reset canuIteration.
-- Finished stage 'unitig', reset canuIteration.
--
-- Running jobs.  First attempt out of 2.
----------------------------------------
-- Starting 'bat' concurrent execution on Sun Apr 12 22:18:34 2020 with 22002.194 GB free disk space (1 processes; 1 concurrently)

    cd unitigging/4-unitigger
    ./unitigger.sh 1 > ./unitigger.000001.out 2>&1

-- Finished on Sun Apr 12 22:18:38 2020 (4 seconds) with 22002.098 GB free disk space
----------------------------------------
-- Unitigger finished successfully.
-- Found, in version 1, after unitig construction:
--   contigs:      4 sequences, total length 2639699 bp (including 0 repeats of total length 0 bp).
--   bubbles:      0 sequences, total length 0 bp.
--   unassembled:  3946 sequences, total length 24195794 bp.
--
-- Contig sizes based on genome size 2.6mbp:
--
--            NG (bp)  LG (contigs)    sum (bp)
--         ----------  ------------  ----------
--     10     2562480             1     2562480
--     20     2562480             1     2562480
--     30     2562480             1     2562480
--     40     2562480             1     2562480
--     50     2562480             1     2562480
--     60     2562480             1     2562480
--     70     2562480             1     2562480
--     80     2562480             1     2562480
--     90     2562480             1     2562480
--    100       53553             2     2616033
--
-- Finished stage 'unitigCheck', reset canuIteration.
----------------------------------------
-- Starting command on Sun Apr 12 22:18:38 2020 with 22002.098 GB free disk space

    cd unitigging
    /sw/bioinfo/canu/1.8/rackham/Linux-amd64/bin/sqStoreCreatePartition \
      -S ../canu.seqStore \
      -T  ./canu.ctgStore 1 \
      -b 15000 \
      -p 8 \
    > ./canu.ctgStore/partitionedReads.log 2>&1

-- Finished on Sun Apr 12 22:18:39 2020 (one second) with 22002.008 GB free disk space
----------------------------------------
----------------------------------------
-- Starting command on Sun Apr 12 22:18:39 2020 with 22002.001 GB free disk space

    cd unitigging
    /sw/bioinfo/canu/1.8/rackham/Linux-amd64/bin/sqStoreCreatePartition \
      -S ../canu.seqStore \
      -T  ./canu.utgStore 1 \
      -b 15000 \
      -p 8 \
    > ./canu.utgStore/partitionedReads.log 2>&1

-- Finished on Sun Apr 12 22:18:40 2020 (one second) with 22001.925 GB free disk space
----------------------------------------
-- Using slow alignment for consensus (iteration '0').
-- Configured 1 contig and 1 unitig consensus jobs.
-- Finished stage 'consensusConfigure', reset canuIteration.
--
--                            (tag)Concurrency
--                     (tag)Threads          |
--            (tag)Memory         |          |
--        (tag)         |         |          |     total usage     algorithm
--        -------  ------  --------   --------  -----------------  -----------------------------
-- Local: cns        4 GB    4 CPUs x   5 jobs    20 GB   20 CPUs  (consensus)
--
--
-- Running jobs.  First attempt out of 2.
----------------------------------------
-- Starting 'cns' concurrent execution on Sun Apr 12 22:18:40 2020 with 22001.925 GB free disk space (2 processes; 5 concurrently)

    cd unitigging/5-consensus
    ./consensus.sh 1 > ./consensus.000001.out 2>&1
    ./consensus.sh 2 > ./consensus.000002.out 2>&1

-- Finished on Sun Apr 12 22:20:39 2020 (119 seconds) with 22001.661 GB free disk space
----------------------------------------
-- Using slow alignment for consensus (iteration '1').
-- Configured 1 contig and 1 unitig consensus jobs.
-- All 2 consensus jobs finished successfully.
-- Finished stage 'consensusCheck', reset canuIteration.
-- Using slow alignment for consensus (iteration '0').
-- Configured 1 contig and 1 unitig consensus jobs.
----------------------------------------
-- Starting command on Sun Apr 12 22:20:39 2020 with 22001.661 GB free disk space

    cd unitigging
    /sw/bioinfo/canu/1.8/rackham/Linux-amd64/bin/tgStoreLoad \
      -S ../canu.seqStore \
      -T  ./canu.ctgStore 2 \
      -L ./5-consensus/ctgcns.files \
    > ./5-consensus/ctgcns.files.ctgStoreLoad.err 2>&1

-- Finished on Sun Apr 12 22:20:40 2020 (one second) with 22001.61 GB free disk space
----------------------------------------
----------------------------------------
-- Starting command on Sun Apr 12 22:20:41 2020 with 22001.61 GB free disk space

    cd unitigging
    /sw/bioinfo/canu/1.8/rackham/Linux-amd64/bin/tgStoreLoad \
      -S ../canu.seqStore \
      -T  ./canu.utgStore 2 \
      -L ./5-consensus/utgcns.files \
    > ./5-consensus/utgcns.files.utgStoreLoad.err 2>&1

-- Finished on Sun Apr 12 22:20:41 2020 (one second) with 22001.605 GB free disk space
----------------------------------------
-- Purging consensus output after loading to ctgStore and/or utgStore.
-- Purged 2 .cns outputs.
----------------------------------------
-- Starting command on Sun Apr 12 22:20:41 2020 with 22001.604 GB free disk space

    cd unitigging
    /sw/bioinfo/canu/1.8/rackham/Linux-amd64/bin/tgStoreDump \
      -S ../canu.seqStore \
      -T ./canu.ctgStore 2 \
      -sizes -s 2600000 \
    > ./canu.ctgStore/seqDB.v002.sizes.txt

-- Finished on Sun Apr 12 22:20:41 2020 (in the blink of an eye) with 22001.604 GB free disk space
----------------------------------------
-- Found, in version 2, after consensus generation:
--   contigs:      4 sequences, total length 2636043 bp (including 0 repeats of total length 0 bp).
--   bubbles:      0 sequences, total length 0 bp.
--   unassembled:  3946 sequences, total length 24195794 bp.
--
-- Contig sizes based on genome size 2.6mbp:
--
--            NG (bp)  LG (contigs)    sum (bp)
--         ----------  ------------  ----------
--     10     2563357             1     2563357
--     20     2563357             1     2563357
--     30     2563357             1     2563357
--     40     2563357             1     2563357
--     50     2563357             1     2563357
--     60     2563357             1     2563357
--     70     2563357             1     2563357
--     80     2563357             1     2563357
--     90     2563357             1     2563357
--    100       48946             2     2612303
--
-- Finished stage 'consensusLoad', reset canuIteration.
----------------------------------------
-- Starting command on Sun Apr 12 22:20:41 2020 with 22001.604 GB free disk space

    cd unitigging
    /sw/bioinfo/canu/1.8/rackham/Linux-amd64/bin/tgStoreCoverageStat \
      -S ../canu.seqStore \
      -T  ./canu.ctgStore 2 \
      -s 2600000 \
      -o ./canu.ctgStore.coverageStat \
    > ./canu.ctgStore.coverageStat.err 2>&1

-- Finished on Sun Apr 12 22:20:41 2020 (lickety-split) with 22001.604 GB free disk space
----------------------------------------
-- Finished stage 'consensusAnalyze', reset canuIteration.
----------------------------------------
-- Starting command on Sun Apr 12 22:20:41 2020 with 22001.604 GB free disk space

    cd unitigging/4-unitigger
    ./alignGFA.sh \
    > alignGFA.err 2>&1

-- Finished on Sun Apr 12 22:20:43 2020 (2 seconds) with 22001.601 GB free disk space
----------------------------------------
----------------------------------------
-- Starting command on Sun Apr 12 22:20:43 2020 with 22001.601 GB free disk space

    cd .
    /sw/bioinfo/canu/1.8/rackham/Linux-amd64/bin/tgStoreDump \
      -S ./canu.seqStore \
      -T ./unitigging/canu.ctgStore 2 \
      -o ./canu.contigs \
      -layout \
    > ./canu.contigs.layout.err 2>&1

-- Finished on Sun Apr 12 22:20:44 2020 (one second) with 22001.57 GB free disk space
----------------------------------------
----------------------------------------
-- Starting command on Sun Apr 12 22:20:44 2020 with 22001.57 GB free disk space

    cd .
    /sw/bioinfo/canu/1.8/rackham/Linux-amd64/bin/tgStoreDump \
      -S ./canu.seqStore \
      -T ./unitigging/canu.utgStore 2 \
      -o ./canu.unitigs \
      -layout \
    > ./canu.unitigs.layout.err 2>&1

-- Finished on Sun Apr 12 22:20:44 2020 (lickety-split) with 22001.565 GB free disk space
----------------------------------------
----------------------------------------
-- Starting command on Sun Apr 12 22:20:44 2020 with 22001.565 GB free disk space

    cd .
    /sw/bioinfo/canu/1.8/rackham/Linux-amd64/bin/tgStoreDump \
      -S ./canu.seqStore \
      -T ./unitigging/canu.ctgStore 2 \
      -consensus -fasta \
      -unassembled \
    > ./canu.unassembled.fasta
    2> ./canu.unassembled.err

-- Finished on Sun Apr 12 22:20:44 2020 (furiously fast) with 22001.541 GB free disk space
----------------------------------------
----------------------------------------
-- Starting command on Sun Apr 12 22:20:44 2020 with 22001.541 GB free disk space

    cd .
    /sw/bioinfo/canu/1.8/rackham/Linux-amd64/bin/tgStoreDump \
      -S ./canu.seqStore \
      -T ./unitigging/canu.ctgStore 2 \
      -consensus -fasta \
      -contigs \
    > ./canu.contigs.fasta
    2> ./canu.contigs.err

-- Finished on Sun Apr 12 22:20:45 2020 (one second) with 22001.539 GB free disk space
----------------------------------------
----------------------------------------
-- Starting command on Sun Apr 12 22:20:45 2020 with 22001.539 GB free disk space

    cd .
    /sw/bioinfo/canu/1.8/rackham/Linux-amd64/bin/tgStoreDump \
      -S ./canu.seqStore \
      -T ./unitigging/canu.utgStore 2 \
      -consensus -fasta \
      -contigs \
    > ./canu.unitigs.fasta
    2> ./canu.unitigs.err

-- Finished on Sun Apr 12 22:20:45 2020 (like a bat out of hell) with 22001.536 GB free disk space
----------------------------------------
-- Finished stage 'generateOutputs', reset canuIteration.
--
-- Assembly 'canu' finished in '/domus/h1/cabau/GA_project/analyses/01_assembly'.
--
-- Summary saved in 'canu.report'.
--
-- Sequences saved:
--   Contigs       -> 'canu.contigs.fasta'
--   Unassembled   -> 'canu.unassembled.fasta'
--   Unitigs       -> 'canu.unitigs.fasta'
--
-- Read layouts saved:
--   Contigs       -> 'canu.contigs.layout'.
--   Unitigs       -> 'canu.unitigs.layout'.
--
-- Graphs saved:
--   Contigs       -> 'canu.contigs.gfa'.
--   Unitigs       -> 'canu.unitigs.gfa'.
--
-- Bye.
