[2020-05-26 20:27:44,293] multiqc                                            [DEBUG  ]  No MultiQC config found: /sw/bioinfo/MultiQC/1.8/rackham/lib/python3.6/site-packages/multiqc_config.yaml
[2020-05-26 20:27:44,293] multiqc                                            [DEBUG  ]  No MultiQC config found: /home/cabau/.multiqc_config.yaml
[2020-05-26 20:27:44,294] multiqc                                            [DEBUG  ]  No MultiQC config found: multiqc_config.yaml
[2020-05-26 20:27:44,294] multiqc                                            [DEBUG  ]  Command used: /sw/bioinfo/MultiQC/1.8/rackham/bin/multiqc .
[2020-05-26 20:27:46,192] multiqc                                            [DEBUG  ]  Latest MultiQC version is v1.8
[2020-05-26 20:27:46,192] multiqc                                            [INFO   ]  This is MultiQC v1.8
[2020-05-26 20:27:46,192] multiqc                                            [DEBUG  ]  Command     : /sw/bioinfo/MultiQC/1.8/rackham/bin/multiqc .
[2020-05-26 20:27:46,192] multiqc                                            [DEBUG  ]  Working dir : /domus/h1/cabau/GA_project/analyses/02_trimming/01_fastqc
[2020-05-26 20:27:46,192] multiqc                                            [INFO   ]  Template    : default
[2020-05-26 20:27:46,193] multiqc                                            [DEBUG  ]  Running Python 3.6.8 (default, Mar 14 2019, 16:13:09)  [GCC 4.8.5 20150623 (Red Hat 4.8.5-36)]
[2020-05-26 20:27:46,193] multiqc                                            [INFO   ]  Searching   : /domus/h1/cabau/GA_project/analyses/02_trimming/01_fastqc
[2020-05-26 20:27:46,194] multiqc                                            [DEBUG  ]  Analysing modules: custom_content, conpair, peddy, methylQA, phantompeakqualtools, qualimap, preseq, quast, qorts, rna_seqc, rsem, rseqc, busco, goleft_indexcov, disambiguate, supernova, deeptools, sargasso, verifybamid, mirtrace, happy, homer, macs2, theta2, snpeff, gatk, htseq, bcftools, featureCounts, fgbio, dedup, damageprofiler, biobambam2, mtnucratio, picard, prokka, samblaster, samtools, sexdeterrmine, bamtools, jellyfish, vcftools, longranger, stacks, bbmap, bismark, biscuit, hicexplorer, hicup, hicpro, salmon, kallisto, slamdunk, star, hisat2, tophat, bowtie2, bowtie1, kat, leehom, adapterRemoval, clipandmerge, cutadapt, flexbar, trimmomatic, skewer, sortmerna, biobloomtools, fastq_screen, afterqc, fastp, fastqc, minionqc, mosdepth, clusterflow, bcl2fastq, interop, flash, seqyclean
[2020-05-26 20:27:46,194] multiqc                                            [DEBUG  ]  Using temporary directory for creating report: /scratch/14455006/tmp09d0w5gu
[2020-05-26 20:27:46,395] multiqc                                            [DEBUG  ]  Ignoring file as matched an ignore pattern: ERR2036629_1_fastqc.html
[2020-05-26 20:27:46,395] multiqc                                            [DEBUG  ]  Ignoring file as matched an ignore pattern: ERR2036629_2_fastqc.html
[2020-05-26 20:27:46,396] multiqc                                            [DEBUG  ]  Ignoring file as matched an ignore pattern: ERR2036630_1_fastqc.html
[2020-05-26 20:27:46,397] multiqc                                            [DEBUG  ]  Ignoring file as matched an ignore pattern: ERR2036630_2_fastqc.html
[2020-05-26 20:27:46,397] multiqc                                            [DEBUG  ]  Ignoring file as matched an ignore pattern: ERR2036631_1_fastqc.html
[2020-05-26 20:27:46,398] multiqc                                            [DEBUG  ]  Ignoring file as matched an ignore pattern: ERR2036631_2_fastqc.html
[2020-05-26 20:27:46,399] multiqc                                            [DEBUG  ]  Ignoring file as matched an ignore pattern: ERR2036632_1_fastqc.html
[2020-05-26 20:27:46,399] multiqc                                            [DEBUG  ]  Ignoring file as matched an ignore pattern: ERR2036632_2_fastqc.html
[2020-05-26 20:27:46,400] multiqc                                            [DEBUG  ]  Ignoring file as matched an ignore pattern: ERR2036633_1_fastqc.html
[2020-05-26 20:27:46,401] multiqc                                            [DEBUG  ]  Ignoring file as matched an ignore pattern: ERR2036633_2_fastqc.html
[2020-05-26 20:27:46,401] multiqc                                            [DEBUG  ]  Ignoring file as matched an ignore pattern: ERR2117288_1_fastqc.html
[2020-05-26 20:27:46,402] multiqc                                            [DEBUG  ]  Ignoring file as matched an ignore pattern: ERR2117288_2_fastqc.html
[2020-05-26 20:27:46,403] multiqc                                            [DEBUG  ]  Ignoring file as matched an ignore pattern: ERR2117289_1_fastqc.html
[2020-05-26 20:27:46,403] multiqc                                            [DEBUG  ]  Ignoring file as matched an ignore pattern: ERR2117289_2_fastqc.html
[2020-05-26 20:27:46,404] multiqc                                            [DEBUG  ]  Ignoring file as matched an ignore pattern: ERR2117290_1_fastqc.html
[2020-05-26 20:27:46,405] multiqc                                            [DEBUG  ]  Ignoring file as matched an ignore pattern: ERR2117290_2_fastqc.html
[2020-05-26 20:27:46,406] multiqc                                            [DEBUG  ]  Ignoring file as matched an ignore pattern: ERR2117291_1_fastqc.html
[2020-05-26 20:27:46,406] multiqc                                            [DEBUG  ]  Ignoring file as matched an ignore pattern: ERR2117291_2_fastqc.html
[2020-05-26 20:27:46,407] multiqc                                            [DEBUG  ]  Ignoring file as matched an ignore pattern: ERR2117292_1_fastqc.html
[2020-05-26 20:27:46,408] multiqc                                            [DEBUG  ]  Ignoring file as matched an ignore pattern: ERR2117292_2_fastqc.html
[2020-05-26 20:27:46,408] multiqc                                            [DEBUG  ]  Ignoring file as matched an ignore pattern: ERR2036629_P1.trim_fastqc.html
[2020-05-26 20:27:46,409] multiqc                                            [DEBUG  ]  Ignoring file as matched an ignore pattern: ERR2036629_P2.trim_fastqc.html
[2020-05-26 20:27:46,410] multiqc                                            [DEBUG  ]  Ignoring file as matched an ignore pattern: ERR2036629_S2.trim_fastqc.html
[2020-05-26 20:27:46,410] multiqc                                            [DEBUG  ]  Ignoring file as matched an ignore pattern: ERR2036629_S1.trim_fastqc.html
[2020-05-26 20:27:46,411] multiqc                                            [DEBUG  ]  Ignoring file as matched an ignore pattern: ERR2036630_P2.trim_fastqc.html
[2020-05-26 20:27:46,412] multiqc                                            [DEBUG  ]  Ignoring file as matched an ignore pattern: ERR2036630_P1.trim_fastqc.html
[2020-05-26 20:27:46,412] multiqc                                            [DEBUG  ]  Ignoring file as matched an ignore pattern: ERR2036630_S2.trim_fastqc.html
[2020-05-26 20:27:46,413] multiqc                                            [DEBUG  ]  Ignoring file as matched an ignore pattern: ERR2036630_S1.trim_fastqc.html
[2020-05-26 20:27:46,414] multiqc                                            [DEBUG  ]  Ignoring file as matched an ignore pattern: ERR2036631_P1.trim_fastqc.html
[2020-05-26 20:27:46,415] multiqc                                            [DEBUG  ]  Ignoring file as matched an ignore pattern: ERR2036631_P2.trim_fastqc.html
[2020-05-26 20:27:46,415] multiqc                                            [DEBUG  ]  Ignoring file as matched an ignore pattern: ERR2036631_S2.trim_fastqc.html
[2020-05-26 20:27:46,416] multiqc                                            [DEBUG  ]  Ignoring file as matched an ignore pattern: ERR2036631_S1.trim_fastqc.html
[2020-05-26 20:27:46,417] multiqc                                            [DEBUG  ]  Ignoring file as matched an ignore pattern: ERR2036632_P1.trim_fastqc.html
[2020-05-26 20:27:46,417] multiqc                                            [DEBUG  ]  Ignoring file as matched an ignore pattern: ERR2036632_P2.trim_fastqc.html
[2020-05-26 20:27:46,418] multiqc                                            [DEBUG  ]  Ignoring file as matched an ignore pattern: ERR2036632_S2.trim_fastqc.html
[2020-05-26 20:27:46,419] multiqc                                            [DEBUG  ]  Ignoring file as matched an ignore pattern: ERR2036632_S1.trim_fastqc.html
[2020-05-26 20:27:46,420] multiqc                                            [DEBUG  ]  Ignoring file as matched an ignore pattern: ERR2036633_P1.trim_fastqc.html
[2020-05-26 20:27:46,421] multiqc                                            [DEBUG  ]  Ignoring file as matched an ignore pattern: ERR2036633_S1.trim_fastqc.html
[2020-05-26 20:27:46,421] multiqc                                            [DEBUG  ]  Ignoring file as matched an ignore pattern: ERR2036633_S2.trim_fastqc.html
[2020-05-26 20:27:46,422] multiqc                                            [DEBUG  ]  Ignoring file as matched an ignore pattern: ERR2036633_P2.trim_fastqc.html
[2020-05-26 20:27:46,423] multiqc                                            [DEBUG  ]  Ignoring file as matched an ignore pattern: ERR2117288_P1.trim_fastqc.html
[2020-05-26 20:27:46,423] multiqc                                            [DEBUG  ]  Ignoring file as matched an ignore pattern: ERR2117288_S1.trim_fastqc.html
[2020-05-26 20:27:46,424] multiqc                                            [DEBUG  ]  Ignoring file as matched an ignore pattern: ERR2117288_S2.trim_fastqc.html
[2020-05-26 20:27:46,425] multiqc                                            [DEBUG  ]  Ignoring file as matched an ignore pattern: ERR2117288_P2.trim_fastqc.html
[2020-05-26 20:27:46,425] multiqc                                            [DEBUG  ]  Ignoring file as matched an ignore pattern: ERR2117289_P1.trim_fastqc.html
[2020-05-26 20:27:46,426] multiqc                                            [DEBUG  ]  Ignoring file as matched an ignore pattern: ERR2117289_P2.trim_fastqc.html
[2020-05-26 20:27:46,427] multiqc                                            [DEBUG  ]  Ignoring file as matched an ignore pattern: ERR2117289_S2.trim_fastqc.html
[2020-05-26 20:27:46,427] multiqc                                            [DEBUG  ]  Ignoring file as matched an ignore pattern: ERR2117289_S1.trim_fastqc.html
[2020-05-26 20:27:46,428] multiqc                                            [DEBUG  ]  Ignoring file as matched an ignore pattern: ERR2117290_P1.trim_fastqc.html
[2020-05-26 20:27:46,429] multiqc                                            [DEBUG  ]  Ignoring file as matched an ignore pattern: ERR2117290_P2.trim_fastqc.html
[2020-05-26 20:27:46,429] multiqc                                            [DEBUG  ]  Ignoring file as matched an ignore pattern: ERR2117290_S2.trim_fastqc.html
[2020-05-26 20:27:46,430] multiqc                                            [DEBUG  ]  Ignoring file as matched an ignore pattern: ERR2117290_S1.trim_fastqc.html
[2020-05-26 20:27:46,431] multiqc                                            [DEBUG  ]  Ignoring file as matched an ignore pattern: ERR2117291_P1.trim_fastqc.html
[2020-05-26 20:27:46,431] multiqc                                            [DEBUG  ]  Ignoring file as matched an ignore pattern: ERR2117291_P2.trim_fastqc.html
[2020-05-26 20:27:46,432] multiqc                                            [DEBUG  ]  Ignoring file as matched an ignore pattern: ERR2117291_S2.trim_fastqc.html
[2020-05-26 20:27:46,433] multiqc                                            [DEBUG  ]  Ignoring file as matched an ignore pattern: ERR2117291_S1.trim_fastqc.html
[2020-05-26 20:27:46,433] multiqc                                            [DEBUG  ]  Ignoring file as matched an ignore pattern: ERR2117292_P1.trim_fastqc.html
[2020-05-26 20:27:46,434] multiqc                                            [DEBUG  ]  Ignoring file as matched an ignore pattern: ERR2117292_S1.trim_fastqc.html
[2020-05-26 20:27:46,435] multiqc                                            [DEBUG  ]  Ignoring file as matched an ignore pattern: ERR2117292_S2.trim_fastqc.html
[2020-05-26 20:27:46,435] multiqc                                            [DEBUG  ]  Ignoring file as matched an ignore pattern: ERR2117292_P2.trim_fastqc.html
[2020-05-26 20:27:50,987] multiqc.plots.bargraph                             [DEBUG  ]  Using matplotlib version 3.1.1
[2020-05-26 20:27:50,989] multiqc.plots.linegraph                            [DEBUG  ]  Using matplotlib version 3.1.1
[2020-05-26 20:27:50,993] multiqc                                            [DEBUG  ]  No samples found: custom_content
[2020-05-26 20:27:51,001] multiqc                                            [DEBUG  ]  No samples found: conpair
[2020-05-26 20:27:51,010] multiqc                                            [DEBUG  ]  No samples found: peddy
[2020-05-26 20:27:51,018] multiqc                                            [DEBUG  ]  No samples found: methylQA
[2020-05-26 20:27:51,026] multiqc                                            [DEBUG  ]  No samples found: phantompeakqualtools
[2020-05-26 20:27:51,038] multiqc                                            [DEBUG  ]  No samples found: qualimap
[2020-05-26 20:27:51,046] multiqc                                            [DEBUG  ]  No samples found: preseq
[2020-05-26 20:27:51,054] multiqc                                            [DEBUG  ]  No samples found: quast
[2020-05-26 20:27:51,063] multiqc                                            [DEBUG  ]  No samples found: qorts
[2020-05-26 20:27:51,071] multiqc                                            [DEBUG  ]  No samples found: rna_seqc
[2020-05-26 20:27:51,079] multiqc                                            [DEBUG  ]  No samples found: rsem
[2020-05-26 20:27:51,098] multiqc                                            [DEBUG  ]  No samples found: rseqc
[2020-05-26 20:27:51,106] multiqc                                            [DEBUG  ]  No samples found: busco
[2020-05-26 20:27:51,115] multiqc                                            [DEBUG  ]  No samples found: goleft_indexcov
[2020-05-26 20:27:51,123] multiqc                                            [DEBUG  ]  No samples found: disambiguate
[2020-05-26 20:27:51,132] multiqc                                            [DEBUG  ]  No samples found: supernova
[2020-05-26 20:27:51,151] multiqc                                            [DEBUG  ]  No samples found: deeptools
[2020-05-26 20:27:51,160] multiqc                                            [DEBUG  ]  No samples found: sargasso
[2020-05-26 20:27:51,168] multiqc                                            [DEBUG  ]  No samples found: verifybamid
[2020-05-26 20:27:51,176] multiqc                                            [DEBUG  ]  No samples found: mirtrace
[2020-05-26 20:27:51,184] multiqc                                            [DEBUG  ]  No samples found: happy
[2020-05-26 20:27:51,196] multiqc                                            [DEBUG  ]  No samples found: homer
[2020-05-26 20:27:51,205] multiqc                                            [DEBUG  ]  No samples found: macs2
[2020-05-26 20:27:51,213] multiqc                                            [DEBUG  ]  No samples found: theta2
[2020-05-26 20:27:51,221] multiqc                                            [DEBUG  ]  No samples found: snpeff
[2020-05-26 20:27:51,233] multiqc                                            [DEBUG  ]  No samples found: gatk
[2020-05-26 20:27:51,242] multiqc                                            [DEBUG  ]  No samples found: htseq
[2020-05-26 20:27:51,252] multiqc                                            [DEBUG  ]  No samples found: bcftools
[2020-05-26 20:27:51,260] multiqc                                            [DEBUG  ]  No samples found: featureCounts
[2020-05-26 20:27:51,270] multiqc                                            [DEBUG  ]  No samples found: fgbio
[2020-05-26 20:27:51,279] multiqc                                            [DEBUG  ]  No samples found: dedup
[2020-05-26 20:27:51,287] multiqc                                            [DEBUG  ]  No samples found: damageprofiler
[2020-05-26 20:27:51,315] multiqc                                            [DEBUG  ]  No samples found: biobambam2
[2020-05-26 20:27:51,323] multiqc                                            [DEBUG  ]  No samples found: mtnucratio
[2020-05-26 20:27:51,327] multiqc                                            [DEBUG  ]  No samples found: picard
[2020-05-26 20:27:51,335] multiqc                                            [DEBUG  ]  No samples found: prokka
[2020-05-26 20:27:51,343] multiqc                                            [DEBUG  ]  No samples found: samblaster
[2020-05-26 20:27:51,355] multiqc                                            [DEBUG  ]  No samples found: samtools
[2020-05-26 20:27:51,364] multiqc                                            [DEBUG  ]  No samples found: sexdeterrmine
[2020-05-26 20:27:51,373] multiqc                                            [DEBUG  ]  No samples found: bamtools
[2020-05-26 20:27:51,381] multiqc                                            [DEBUG  ]  No samples found: jellyfish
[2020-05-26 20:27:51,394] multiqc                                            [DEBUG  ]  No samples found: vcftools
[2020-05-26 20:27:51,403] multiqc                                            [DEBUG  ]  No samples found: longranger
[2020-05-26 20:27:51,411] multiqc                                            [DEBUG  ]  No samples found: stacks
[2020-05-26 20:27:51,435] multiqc                                            [DEBUG  ]  No samples found: bbmap
[2020-05-26 20:27:51,444] multiqc                                            [DEBUG  ]  No samples found: bismark
[2020-05-26 20:27:51,454] multiqc                                            [DEBUG  ]  No samples found: biscuit
[2020-05-26 20:27:51,462] multiqc                                            [DEBUG  ]  No samples found: hicexplorer
[2020-05-26 20:27:51,470] multiqc                                            [DEBUG  ]  No samples found: hicup
[2020-05-26 20:27:51,478] multiqc                                            [DEBUG  ]  No samples found: hicpro
[2020-05-26 20:27:51,486] multiqc                                            [DEBUG  ]  No samples found: salmon
[2020-05-26 20:27:51,495] multiqc                                            [DEBUG  ]  No samples found: kallisto
[2020-05-26 20:27:51,503] multiqc                                            [DEBUG  ]  No samples found: slamdunk
[2020-05-26 20:27:51,511] multiqc                                            [DEBUG  ]  No samples found: star
[2020-05-26 20:27:51,519] multiqc                                            [DEBUG  ]  No samples found: hisat2
[2020-05-26 20:27:51,527] multiqc                                            [DEBUG  ]  No samples found: tophat
[2020-05-26 20:27:51,536] multiqc                                            [DEBUG  ]  No samples found: bowtie2
[2020-05-26 20:27:51,544] multiqc                                            [DEBUG  ]  No samples found: bowtie1
[2020-05-26 20:27:51,552] multiqc                                            [DEBUG  ]  No samples found: kat
[2020-05-26 20:27:51,560] multiqc                                            [DEBUG  ]  No samples found: leehom
[2020-05-26 20:27:51,568] multiqc                                            [DEBUG  ]  No samples found: adapterRemoval
[2020-05-26 20:27:51,576] multiqc                                            [DEBUG  ]  No samples found: clipandmerge
[2020-05-26 20:27:51,584] multiqc                                            [DEBUG  ]  No samples found: cutadapt
[2020-05-26 20:27:51,592] multiqc                                            [DEBUG  ]  No samples found: flexbar
[2020-05-26 20:27:51,600] multiqc                                            [DEBUG  ]  No samples found: trimmomatic
[2020-05-26 20:27:51,607] multiqc                                            [DEBUG  ]  No samples found: skewer
[2020-05-26 20:27:51,615] multiqc                                            [DEBUG  ]  No samples found: sortmerna
[2020-05-26 20:27:51,623] multiqc                                            [DEBUG  ]  No samples found: biobloomtools
[2020-05-26 20:27:51,632] multiqc                                            [DEBUG  ]  No samples found: fastq_screen
[2020-05-26 20:27:51,640] multiqc                                            [DEBUG  ]  No samples found: afterqc
[2020-05-26 20:27:51,648] multiqc                                            [DEBUG  ]  No samples found: fastp
[2020-05-26 20:27:54,101] multiqc.modules.fastqc.fastqc                      [INFO   ]  Found 60 reports
[2020-05-26 20:27:55,552] multiqc                                            [DEBUG  ]  No samples found: minionqc
[2020-05-26 20:27:55,560] multiqc                                            [DEBUG  ]  No samples found: mosdepth
[2020-05-26 20:27:55,568] multiqc                                            [DEBUG  ]  No samples found: clusterflow
[2020-05-26 20:27:55,577] multiqc                                            [DEBUG  ]  No samples found: bcl2fastq
[2020-05-26 20:27:55,585] multiqc                                            [DEBUG  ]  No samples found: interop
[2020-05-26 20:27:55,594] multiqc                                            [DEBUG  ]  No samples found: flash
[2020-05-26 20:27:55,602] multiqc                                            [DEBUG  ]  No samples found: seqyclean
[2020-05-26 20:27:55,701] multiqc                                            [INFO   ]  Compressing plot data
[2020-05-26 20:27:56,853] multiqc                                            [INFO   ]  Report      : multiqc_report.html
[2020-05-26 20:27:56,854] multiqc                                            [INFO   ]  Data        : multiqc_data
[2020-05-26 20:27:56,864] multiqc                                            [DEBUG  ]  Moving data file from '/scratch/14455006/tmp09d0w5gu/multiqc_data/multiqc_qualimap_bamqc_genome_results.txt' to '/domus/h1/cabau/GA_project/analyses/02_trimming/01_fastqc/multiqc_data'
[2020-05-26 20:27:56,866] multiqc                                            [DEBUG  ]  Moving data file from '/scratch/14455006/tmp09d0w5gu/multiqc_data/multiqc_fastqc.txt' to '/domus/h1/cabau/GA_project/analyses/02_trimming/01_fastqc/multiqc_data'
[2020-05-26 20:27:56,868] multiqc                                            [DEBUG  ]  Moving data file from '/scratch/14455006/tmp09d0w5gu/multiqc_data/multiqc_sources.txt' to '/domus/h1/cabau/GA_project/analyses/02_trimming/01_fastqc/multiqc_data'
[2020-05-26 20:27:56,869] multiqc                                            [DEBUG  ]  Moving data file from '/scratch/14455006/tmp09d0w5gu/multiqc_data/multiqc_data.json' to '/domus/h1/cabau/GA_project/analyses/02_trimming/01_fastqc/multiqc_data'
[2020-05-26 20:27:56,910] multiqc                                            [DEBUG  ]  Moving data file from '/scratch/14455006/tmp09d0w5gu/multiqc_data/multiqc_general_stats.txt' to '/domus/h1/cabau/GA_project/analyses/02_trimming/01_fastqc/multiqc_data'
[2020-05-26 20:27:57,115] multiqc                                            [INFO   ]  MultiQC complete
